#
# There is insufficient memory for the Java Runtime Environment to continue.
# Native memory allocation (malloc) failed to allocate 125304832 bytes for committing reserved memory.
# Possible reasons:
#   The system is out of physical RAM or swap space
#   In 32 bit mode, the process size limit was hit
# Possible solutions:
#   Reduce memory load on the system
#   Increase physical memory or swap space
#   Check if swap backing store is full
#   Use 64 bit Java on a 64 bit OS
#   Decrease Java heap size (-Xmx/-Xms)
#   Decrease number of Java threads
#   Decrease Java thread stack sizes (-Xss)
#   Set larger code cache with -XX:ReservedCodeCacheSize=
# This output file may be truncated or incomplete.
#
#  Out of Memory Error (os_linux.cpp:2769), pid=24429, tid=139912872957696
#
# JRE version: OpenJDK Runtime Environment (7.0_55-b14) (build 1.7.0_55-b14)
# Java VM: OpenJDK 64-Bit Server VM (24.51-b03 mixed mode linux-amd64 compressed oops)
# Failed to write core dump. Core dumps have been disabled. To enable core dumping, try "ulimit -c unlimited" before starting Java again
#

---------------  T H R E A D  ---------------

Current thread (0x00007f4008075800):  VMThread [stack: 0x00007f4001079000,0x00007f400117a000] [id=24441]

Stack: [0x00007f4001079000,0x00007f400117a000],  sp=0x00007f4001178480,  free space=1021k
Native frames: (J=compiled Java code, j=interpreted, Vv=VM code, C=native code)
V  [libjvm.so+0x917b35]  VMError::report_and_die()+0x175
V  [libjvm.so+0x468144]  report_vm_out_of_memory(char const*, int, unsigned long, char const*)+0x74
V  [libjvm.so+0x79a81b]  os::pd_commit_memory(char*, unsigned long, unsigned long, bool)+0x20b
V  [libjvm.so+0x7950df]  os::commit_memory(char*, unsigned long, unsigned long, bool)+0x1f
V  [libjvm.so+0x8053cb]  PSVirtualSpace::expand_by(unsigned long)+0x5b
V  [libjvm.so+0x806220]  PSYoungGen::resize_generation(unsigned long, unsigned long)+0xb0
V  [libjvm.so+0x80690b]  PSYoungGen::resize(unsigned long, unsigned long)+0x1b
V  [libjvm.so+0x802bff]  PSScavenge::invoke_no_policy()+0xd6f
V  [libjvm.so+0x8033c8]  PSScavenge::invoke()+0x38
V  [libjvm.so+0x7b9b33]  ParallelScavengeHeap::failed_mem_allocate(unsigned long)+0x63
V  [libjvm.so+0x919544]  VM_ParallelGCFailedAllocation::doit()+0x84
V  [libjvm.so+0x91d9e7]  VM_Operation::evaluate()+0x47
V  [libjvm.so+0x91c3b8]  VMThread::evaluate_operation(VM_Operation*)+0x318
V  [libjvm.so+0x91c819]  VMThread::loop()+0x219
V  [libjvm.so+0x91cc62]  VMThread::run()+0x72
V  [libjvm.so+0x7974e2]  java_start(Thread*)+0xf2

VM_Operation (0x00007f400f658950): ParallelGCFailedAllocation, mode: safepoint, requested by thread 0x00007f400800a800


---------------  P R O C E S S  ---------------

Java Threads: ( => current thread )
  0x00007f4008153000 JavaThread "ReaderThread" [_thread_in_native, id=24449, stack(0x00007f3fd2f1e000,0x00007f3fd301f000)]
  0x00007f40080a6800 JavaThread "Service Thread" daemon [_thread_blocked, id=24447, stack(0x00007f400076b000,0x00007f400086c000)]
  0x00007f40080a4800 JavaThread "C2 CompilerThread1" daemon [_thread_blocked, id=24446, stack(0x00007f400086c000,0x00007f400096d000)]
  0x00007f40080a1800 JavaThread "C2 CompilerThread0" daemon [_thread_blocked, id=24445, stack(0x00007f400096d000,0x00007f4000a6e000)]
  0x00007f400809f000 JavaThread "Signal Dispatcher" daemon [_thread_blocked, id=24444, stack(0x00007f4000a6e000,0x00007f4000b6f000)]
  0x00007f400807c000 JavaThread "Finalizer" daemon [_thread_blocked, id=24443, stack(0x00007f4000e77000,0x00007f4000f78000)]
  0x00007f400807a000 JavaThread "Reference Handler" daemon [_thread_blocked, id=24442, stack(0x00007f4000f78000,0x00007f4001079000)]
  0x00007f400800a800 JavaThread "main" [_thread_blocked, id=24431, stack(0x00007f400f55a000,0x00007f400f65b000)]

Other Threads:
=>0x00007f4008075800 VMThread [stack: 0x00007f4001079000,0x00007f400117a000] [id=24441]
  0x00007f40080b1800 WatcherThread [stack: 0x00007f400066a000,0x00007f400076b000] [id=24448]

VM state:at safepoint (normal execution)

VM Mutex/Monitor currently owned by a thread:  ([mutex/lock_event])
[0x00007f4008006a00] Threads_lock - owner thread: 0x00007f4008075800
[0x00007f4008006f00] Heap_lock - owner thread: 0x00007f400800a800

Heap
 PSYoungGen      total 205312K, used 32K [0x00000000eba80000, 0x00000000f8500000, 0x0000000100000000)
  eden space 203264K, 0% used [0x00000000eba80000,0x00000000eba80000,0x00000000f8100000)
  from space 2048K, 1% used [0x00000000f8100000,0x00000000f8108000,0x00000000f8300000)
  to   space 2048K, 0% used [0x00000000f8300000,0x00000000f8300000,0x00000000f8500000)
 ParOldGen       total 41472K, used 831K [0x00000000c3000000, 0x00000000c5880000, 0x00000000eba80000)
  object space 41472K, 2% used [0x00000000c3000000,0x00000000c30cfea0,0x00000000c5880000)
 PSPermGen       total 21504K, used 5868K [0x00000000b8a00000, 0x00000000b9f00000, 0x00000000c3000000)
  object space 21504K, 27% used [0x00000000b8a00000,0x00000000b8fbb090,0x00000000b9f00000)

Card table byte_map: [0x00007f4004dc4000,0x00007f4005000000] byte_map_base: 0x00007f40047ff000

Polling page: 0x00007f400f67e000

Code Cache  [0x00007f4005000000, 0x00007f4005270000, 0x00007f4008000000)
 total_blobs=296 nmethods=51 adapters=199 free_code_cache=48668Kb largest_free_block=49810752

Compilation events (10 events):
Event: 0.539 Thread 0x00007f40080a4800   47             java.util.LinkedList::linkLast (59 bytes)
Event: 0.539 Thread 0x00007f40080a1800   48             java.util.LinkedList$Node::<init> (20 bytes)
Event: 0.540 Thread 0x00007f40080a1800 nmethod 48 0x00007f4005078990 code [0x00007f4005078ac0, 0x00007f4005078b38]
Event: 0.540 Thread 0x00007f40080a1800   49             businessmodel.VehicleManufacturingCompany::getOrderManager (5 bytes)
Event: 0.540 Thread 0x00007f40080a1800 nmethod 49 0x00007f4005078790 code [0x00007f40050788c0, 0x00007f4005078918]
Event: 0.540 Thread 0x00007f40080a1800   50             businessmodel.VehicleManufacturingCompany::getPendingOrders (12 bytes)
Event: 0.540 Thread 0x00007f40080a4800 nmethod 47 0x00007f4005075d10 code [0x00007f4005075e60, 0x00007f4005075f98]
Event: 0.542 Thread 0x00007f40080a1800 nmethod 50 0x00007f40050777d0 code [0x00007f4005077920, 0x00007f4005077a28]
Event: 0.545 Thread 0x00007f40080a4800   51 % !         businessmodel.scheduler.InitialDataTest::test @ 37 (72 bytes)
Event: 0.554 Thread 0x00007f40080a4800 nmethod 51% 0x00007f4005079d50 code [0x00007f4005079ec0, 0x00007f400507a0c8]

GC Heap History (10 events):
Event: 0.628 GC heap after
Heap after GC invocations=6 (full 0):
 PSYoungGen      total 65024K, used 864K [0x00000000eba80000, 0x00000000efb80000, 0x0000000100000000)
  eden space 63488K, 0% used [0x00000000eba80000,0x00000000eba80000,0x00000000ef880000)
  from space 1536K, 56% used [0x00000000efa00000,0x00000000efad8020,0x00000000efb80000)
  to   space 1536K, 0% used [0x00000000ef880000,0x00000000ef880000,0x00000000efa00000)
 ParOldGen       total 41472K, used 8K [0x00000000c3000000, 0x00000000c5880000, 0x00000000eba80000)
  object space 41472K, 0% used [0x00000000c3000000,0x00000000c3002000,0x00000000c5880000)
 PSPermGen       total 21504K, used 5868K [0x00000000b8a00000, 0x00000000b9f00000, 0x00000000c3000000)
  object space 21504K, 27% used [0x00000000b8a00000,0x00000000b8fbb090,0x00000000b9f00000)
}
Event: 0.672 GC heap before
{Heap before GC invocations=7 (full 0):
 PSYoungGen      total 65024K, used 64352K [0x00000000eba80000, 0x00000000efb80000, 0x0000000100000000)
  eden space 63488K, 100% used [0x00000000eba80000,0x00000000ef880000,0x00000000ef880000)
  from space 1536K, 56% used [0x00000000efa00000,0x00000000efad8020,0x00000000efb80000)
  to   space 1536K, 0% used [0x00000000ef880000,0x00000000ef880000,0x00000000efa00000)
 ParOldGen       total 41472K, used 8K [0x00000000c3000000, 0x00000000c5880000, 0x00000000eba80000)
  object space 41472K, 0% used [0x00000000c3000000,0x00000000c3002000,0x00000000c5880000)
 PSPermGen       total 21504K, used 5868K [0x00000000b8a00000, 0x00000000b9f00000, 0x00000000c3000000)
  object space 21504K, 27% used [0x00000000b8a00000,0x00000000b8fbb090,0x00000000b9f00000)
Event: 0.674 GC heap after
Heap after GC invocations=7 (full 0):
 PSYoungGen      total 65024K, used 32K [0x00000000eba80000, 0x00000000f3a80000, 0x0000000100000000)
  eden space 63488K, 0% used [0x00000000eba80000,0x00000000eba80000,0x00000000ef880000)
  from space 1536K, 2% used [0x00000000ef880000,0x00000000ef888000,0x00000000efa00000)
  to   space 2048K, 0% used [0x00000000f3880000,0x00000000f3880000,0x00000000f3a80000)
 ParOldGen       total 41472K, used 831K [0x00000000c3000000, 0x00000000c5880000, 0x00000000eba80000)
  object space 41472K, 2% used [0x00000000c3000000,0x00000000c30cfea0,0x00000000c5880000)
 PSPermGen       total 21504K, used 5868K [0x00000000b8a00000, 0x00000000b9f00000, 0x00000000c3000000)
  object space 21504K, 27% used [0x00000000b8a00000,0x00000000b8fbb090,0x00000000b9f00000)
}
Event: 0.708 GC heap before
{Heap before GC invocations=8 (full 0):
 PSYoungGen      total 65024K, used 63520K [0x00000000eba80000, 0x00000000f3a80000, 0x0000000100000000)
  eden space 63488K, 100% used [0x00000000eba80000,0x00000000ef880000,0x00000000ef880000)
  from space 1536K, 2% used [0x00000000ef880000,0x00000000ef888000,0x00000000efa00000)
  to   space 2048K, 0% used [0x00000000f3880000,0x00000000f3880000,0x00000000f3a80000)
 ParOldGen       total 41472K, used 831K [0x00000000c3000000, 0x00000000c5880000, 0x00000000eba80000)
  object space 41472K, 2% used [0x00000000c3000000,0x00000000c30cfea0,0x00000000c5880000)
 PSPermGen       total 21504K, used 5868K [0x00000000b8a00000, 0x00000000b9f00000, 0x00000000c3000000)
  object space 21504K, 27% used [0x00000000b8a00000,0x00000000b8fbb090,0x00000000b9f00000)
Event: 0.709 GC heap after
Heap after GC invocations=8 (full 0):
 PSYoungGen      total 129024K, used 64K [0x00000000eba80000, 0x00000000f3a80000, 0x0000000100000000)
  eden space 126976K, 0% used [0x00000000eba80000,0x00000000eba80000,0x00000000f3680000)
  from space 2048K, 3% used [0x00000000f3880000,0x00000000f3890000,0x00000000f3a80000)
  to   space 2048K, 0% used [0x00000000f3680000,0x00000000f3680000,0x00000000f3880000)
 ParOldGen       total 41472K, used 831K [0x00000000c3000000, 0x00000000c5880000, 0x00000000eba80000)
  object space 41472K, 2% used [0x00000000c3000000,0x00000000c30cfea0,0x00000000c5880000)
 PSPermGen       total 21504K, used 5868K [0x00000000b8a00000, 0x00000000b9f00000, 0x00000000c3000000)
  object space 21504K, 27% used [0x00000000b8a00000,0x00000000b8fbb090,0x00000000b9f00000)
}
Event: 0.796 GC heap before
{Heap before GC invocations=9 (full 0):
 PSYoungGen      total 129024K, used 127040K [0x00000000eba80000, 0x00000000f3a80000, 0x0000000100000000)
  eden space 126976K, 100% used [0x00000000eba80000,0x00000000f3680000,0x00000000f3680000)
  from space 2048K, 3% used [0x00000000f3880000,0x00000000f3890000,0x00000000f3a80000)
  to   space 2048K, 0% used [0x00000000f3680000,0x00000000f3680000,0x00000000f3880000)
 ParOldGen       total 41472K, used 831K [0x00000000c3000000, 0x00000000c5880000, 0x00000000eba80000)
  object space 41472K, 2% used [0x00000000c3000000,0x00000000c30cfea0,0x00000000c5880000)
 PSPermGen       total 21504K, used 5868K [0x00000000b8a00000, 0x00000000b9f00000, 0x00000000c3000000)
  object space 21504K, 27% used [0x00000000b8a00000,0x00000000b8fbb090,0x00000000b9f00000)
Event: 0.797 GC heap after
Heap after GC invocations=9 (full 0):
 PSYoungGen      total 129024K, used 64K [0x00000000eba80000, 0x00000000f8500000, 0x0000000100000000)
  eden space 126976K, 0% used [0x00000000eba80000,0x00000000eba80000,0x00000000f3680000)
  from space 2048K, 3% used [0x00000000f3680000,0x00000000f3690000,0x00000000f3880000)
  to   space 2048K, 0% used [0x00000000f8300000,0x00000000f8300000,0x00000000f8500000)
 ParOldGen       total 41472K, used 831K [0x00000000c3000000, 0x00000000c5880000, 0x00000000eba80000)
  object space 41472K, 2% used [0x00000000c3000000,0x00000000c30cfea0,0x00000000c5880000)
 PSPermGen       total 21504K, used 5868K [0x00000000b8a00000, 0x00000000b9f00000, 0x00000000c3000000)
  object space 21504K, 27% used [0x00000000b8a00000,0x00000000b8fbb090,0x00000000b9f00000)
}
Event: 0.860 GC heap before
{Heap before GC invocations=10 (full 0):
 PSYoungGen      total 129024K, used 127040K [0x00000000eba80000, 0x00000000f8500000, 0x0000000100000000)
  eden space 126976K, 100% used [0x00000000eba80000,0x00000000f3680000,0x00000000f3680000)
  from space 2048K, 3% used [0x00000000f3680000,0x00000000f3690000,0x00000000f3880000)
  to   space 2048K, 0% used [0x00000000f8300000,0x00000000f8300000,0x00000000f8500000)
 ParOldGen       total 41472K, used 831K [0x00000000c3000000, 0x00000000c5880000, 0x00000000eba80000)
  object space 41472K, 2% used [0x00000000c3000000,0x00000000c30cfea0,0x00000000c5880000)
 PSPermGen       total 21504K, used 5868K [0x00000000b8a00000, 0x00000000b9f00000, 0x00000000c3000000)
  object space 21504K, 27% used [0x00000000b8a00000,0x00000000b8fbb090,0x00000000b9f00000)
Event: 0.861 GC heap after
Heap after GC invocations=10 (full 0):
 PSYoungGen      total 205312K, used 64K [0x00000000eba80000, 0x00000000f8500000, 0x0000000100000000)
  eden space 203264K, 0% used [0x00000000eba80000,0x00000000eba80000,0x00000000f8100000)
  from space 2048K, 3% used [0x00000000f8300000,0x00000000f8310000,0x00000000f8500000)
  to   space 2048K, 0% used [0x00000000f8100000,0x00000000f8100000,0x00000000f8300000)
 ParOldGen       total 41472K, used 831K [0x00000000c3000000, 0x00000000c5880000, 0x00000000eba80000)
  object space 41472K, 2% used [0x00000000c3000000,0x00000000c30cfea0,0x00000000c5880000)
 PSPermGen       total 21504K, used 5868K [0x00000000b8a00000, 0x00000000b9f00000, 0x00000000c3000000)
  object space 21504K, 27% used [0x00000000b8a00000,0x00000000b8fbb090,0x00000000b9f00000)
}
Event: 1.011 GC heap before
{Heap before GC invocations=11 (full 0):
 PSYoungGen      total 205312K, used 203328K [0x00000000eba80000, 0x00000000f8500000, 0x0000000100000000)
  eden space 203264K, 100% used [0x00000000eba80000,0x00000000f8100000,0x00000000f8100000)
  from space 2048K, 3% used [0x00000000f8300000,0x00000000f8310000,0x00000000f8500000)
  to   space 2048K, 0% used [0x00000000f8100000,0x00000000f8100000,0x00000000f8300000)
 ParOldGen       total 41472K, used 831K [0x00000000c3000000, 0x00000000c5880000, 0x00000000eba80000)
  object space 41472K, 2% used [0x00000000c3000000,0x00000000c30cfea0,0x00000000c5880000)
 PSPermGen       total 21504K, used 5868K [0x00000000b8a00000, 0x00000000b9f00000, 0x00000000c3000000)
  object space 21504K, 27% used [0x00000000b8a00000,0x00000000b8fbb090,0x00000000b9f00000)

Deoptimization events (4 events):
Event: 0.352 Thread 0x00007f400800a800 Uncommon trap: reason=class_check action=maybe_recompile pc=0x00007f4005066a84 method=java.lang.String.equals(Ljava/lang/Object;)Z @ 8
Event: 0.361 Thread 0x00007f400800a800 Uncommon trap: reason=class_check action=maybe_recompile pc=0x00007f4005066a84 method=java.lang.String.equals(Ljava/lang/Object;)Z @ 8
Event: 0.363 Thread 0x00007f400800a800 Uncommon trap: reason=class_check action=maybe_recompile pc=0x00007f4005066a84 method=java.lang.String.equals(Ljava/lang/Object;)Z @ 8
Event: 0.365 Thread 0x00007f400800a800 Uncommon trap: reason=class_check action=maybe_recompile pc=0x00007f4005066a84 method=java.lang.String.equals(Ljava/lang/Object;)Z @ 8

Internal exceptions (10 events):
Event: 0.430 Thread 0x00007f400800a800 Threw 0x00000000ec1093d0 at /build/buildd/openjdk-7-7u55-2.4.7/build/openjdk/hotspot/src/share/vm/prims/jvm.cpp:1244
Event: 0.430 Thread 0x00007f400800a800 Threw 0x00000000ec10b700 at /build/buildd/openjdk-7-7u55-2.4.7/build/openjdk/hotspot/src/share/vm/prims/jvm.cpp:1244
Event: 0.431 Thread 0x00007f400800a800 Threw 0x00000000ec10f6f0 at /build/buildd/openjdk-7-7u55-2.4.7/build/openjdk/hotspot/src/share/vm/prims/jvm.cpp:1244
Event: 0.431 Thread 0x00007f400800a800 Threw 0x00000000ec112368 at /build/buildd/openjdk-7-7u55-2.4.7/build/openjdk/hotspot/src/share/vm/prims/jvm.cpp:1244
Event: 0.431 Thread 0x00007f400800a800 Threw 0x00000000ec1156b8 at /build/buildd/openjdk-7-7u55-2.4.7/build/openjdk/hotspot/src/share/vm/prims/jvm.cpp:1244
Event: 0.431 Thread 0x00007f400800a800 Threw 0x00000000ec118088 at /build/buildd/openjdk-7-7u55-2.4.7/build/openjdk/hotspot/src/share/vm/prims/jvm.cpp:1244
Event: 0.432 Thread 0x00007f400800a800 Threw 0x00000000ec11c488 at /build/buildd/openjdk-7-7u55-2.4.7/build/openjdk/hotspot/src/share/vm/prims/jvm.cpp:1244
Event: 0.432 Thread 0x00007f400800a800 Threw 0x00000000ec11fb28 at /build/buildd/openjdk-7-7u55-2.4.7/build/openjdk/hotspot/src/share/vm/prims/jvm.cpp:1244
Event: 0.432 Thread 0x00007f400800a800 Threw 0x00000000ec123068 at /build/buildd/openjdk-7-7u55-2.4.7/build/openjdk/hotspot/src/share/vm/prims/jvm.cpp:1244
Event: 0.432 Thread 0x00007f400800a800 Threw 0x00000000ec126638 at /build/buildd/openjdk-7-7u55-2.4.7/build/openjdk/hotspot/src/share/vm/prims/jvm.cpp:1244

Events (10 events):
Event: 0.628 Executing VM operation: ParallelGCFailedAllocation done
Event: 0.672 Executing VM operation: ParallelGCFailedAllocation
Event: 0.674 Executing VM operation: ParallelGCFailedAllocation done
Event: 0.708 Executing VM operation: ParallelGCFailedAllocation
Event: 0.709 Executing VM operation: ParallelGCFailedAllocation done
Event: 0.796 Executing VM operation: ParallelGCFailedAllocation
Event: 0.797 Executing VM operation: ParallelGCFailedAllocation done
Event: 0.860 Executing VM operation: ParallelGCFailedAllocation
Event: 0.861 Executing VM operation: ParallelGCFailedAllocation done
Event: 1.011 Executing VM operation: ParallelGCFailedAllocation


Dynamic libraries:
00400000-00401000 r-xp 00000000 08:01 2892251                            /usr/lib/jvm/java-7-openjdk-amd64/jre/bin/java
00600000-00601000 r--p 00000000 08:01 2892251                            /usr/lib/jvm/java-7-openjdk-amd64/jre/bin/java
00601000-00602000 rw-p 00001000 08:01 2892251                            /usr/lib/jvm/java-7-openjdk-amd64/jre/bin/java
01f52000-01f73000 rw-p 00000000 00:00 0                                  [heap]
b8a00000-b9f00000 rw-p 00000000 00:00 0 
b9f00000-c3000000 rw-p 00000000 00:00 0 
c3000000-c5880000 rw-p 00000000 00:00 0 
c5880000-eba80000 rw-p 00000000 00:00 0 
eba80000-f8500000 rw-p 00000000 00:00 0 
ffc80000-100000000 rw-p 00000000 00:00 0 
7f3fc8000000-7f3fc8021000 rw-p 00000000 00:00 0 
7f3fc8021000-7f3fcc000000 ---p 00000000 00:00 0 
7f3fcc000000-7f3fcc021000 rw-p 00000000 00:00 0 
7f3fcc021000-7f3fd0000000 ---p 00000000 00:00 0 
7f3fd2ad6000-7f3fd2d0c000 rw-p 00000000 00:00 0 
7f3fd2d0c000-7f3fd2d1c000 r-xp 00000000 08:01 2892499                    /usr/lib/jvm/java-7-openjdk-amd64/jre/lib/amd64/libnio.so
7f3fd2d1c000-7f3fd2f1c000 ---p 00010000 08:01 2892499                    /usr/lib/jvm/java-7-openjdk-amd64/jre/lib/amd64/libnio.so
7f3fd2f1c000-7f3fd2f1d000 r--p 00010000 08:01 2892499                    /usr/lib/jvm/java-7-openjdk-amd64/jre/lib/amd64/libnio.so
7f3fd2f1d000-7f3fd2f1e000 rw-p 00011000 08:01 2892499                    /usr/lib/jvm/java-7-openjdk-amd64/jre/lib/amd64/libnio.so
7f3fd2f1e000-7f3fd2f21000 ---p 00000000 00:00 0 
7f3fd2f21000-7f3fd301f000 rw-p 00000000 00:00 0                          [stack:24449]
7f3fd301f000-7f3fd305c000 r-xp 00000000 08:01 135145                     /lib/x86_64-linux-gnu/libpcre.so.3.13.1
7f3fd305c000-7f3fd325b000 ---p 0003d000 08:01 135145                     /lib/x86_64-linux-gnu/libpcre.so.3.13.1
7f3fd325b000-7f3fd325c000 r--p 0003c000 08:01 135145                     /lib/x86_64-linux-gnu/libpcre.so.3.13.1
7f3fd325c000-7f3fd325d000 rw-p 0003d000 08:01 135145                     /lib/x86_64-linux-gnu/libpcre.so.3.13.1
7f3fd325d000-7f3fd3264000 r-xp 00000000 08:01 2883689                    /usr/lib/x86_64-linux-gnu/libffi.so.6.0.1
7f3fd3264000-7f3fd3463000 ---p 00007000 08:01 2883689                    /usr/lib/x86_64-linux-gnu/libffi.so.6.0.1
7f3fd3463000-7f3fd3464000 r--p 00006000 08:01 2883689                    /usr/lib/x86_64-linux-gnu/libffi.so.6.0.1
7f3fd3464000-7f3fd3465000 rw-p 00007000 08:01 2883689                    /usr/lib/x86_64-linux-gnu/libffi.so.6.0.1
7f3fd3465000-7f3fd347c000 r-xp 00000000 08:01 151282                     /lib/x86_64-linux-gnu/libresolv-2.19.so
7f3fd347c000-7f3fd367c000 ---p 00017000 08:01 151282                     /lib/x86_64-linux-gnu/libresolv-2.19.so
7f3fd367c000-7f3fd367d000 r--p 00017000 08:01 151282                     /lib/x86_64-linux-gnu/libresolv-2.19.so
7f3fd367d000-7f3fd367e000 rw-p 00018000 08:01 151282                     /lib/x86_64-linux-gnu/libresolv-2.19.so
7f3fd367e000-7f3fd3680000 rw-p 00000000 00:00 0 
7f3fd3680000-7f3fd36a0000 r-xp 00000000 08:01 140478                     /lib/x86_64-linux-gnu/libselinux.so.1
7f3fd36a0000-7f3fd389f000 ---p 00020000 08:01 140478                     /lib/x86_64-linux-gnu/libselinux.so.1
7f3fd389f000-7f3fd38a0000 r--p 0001f000 08:01 140478                     /lib/x86_64-linux-gnu/libselinux.so.1
7f3fd38a0000-7f3fd38a1000 rw-p 00020000 08:01 140478                     /lib/x86_64-linux-gnu/libselinux.so.1
7f3fd38a1000-7f3fd38a3000 rw-p 00000000 00:00 0 
7f3fd38a3000-7f3fd38a6000 r-xp 00000000 08:01 2889900                    /usr/lib/x86_64-linux-gnu/libgmodule-2.0.so.0.4000.0
7f3fd38a6000-7f3fd3aa5000 ---p 00003000 08:01 2889900                    /usr/lib/x86_64-linux-gnu/libgmodule-2.0.so.0.4000.0
7f3fd3aa5000-7f3fd3aa6000 r--p 00002000 08:01 2889900                    /usr/lib/x86_64-linux-gnu/libgmodule-2.0.so.0.4000.0
7f3fd3aa6000-7f3fd3aa7000 rw-p 00003000 08:01 2889900                    /usr/lib/x86_64-linux-gnu/libgmodule-2.0.so.0.4000.0
7f3fd3aa7000-7f3fd3bad000 r-xp 00000000 08:01 135612                     /lib/x86_64-linux-gnu/libglib-2.0.so.0.4000.0
7f3fd3bad000-7f3fd3dac000 ---p 00106000 08:01 135612                     /lib/x86_64-linux-gnu/libglib-2.0.so.0.4000.0
7f3fd3dac000-7f3fd3dad000 r--p 00105000 08:01 135612                     /lib/x86_64-linux-gnu/libglib-2.0.so.0.4000.0
7f3fd3dad000-7f3fd3dae000 rw-p 00106000 08:01 135612                     /lib/x86_64-linux-gnu/libglib-2.0.so.0.4000.0
7f3fd3dae000-7f3fd3daf000 rw-p 00000000 00:00 0 
7f3fd3daf000-7f3fd3dfe000 r-xp 00000000 08:01 2889897                    /usr/lib/x86_64-linux-gnu/libgobject-2.0.so.0.4000.0
7f3fd3dfe000-7f3fd3ffe000 ---p 0004f000 08:01 2889897                    /usr/lib/x86_64-linux-gnu/libgobject-2.0.so.0.4000.0
7f3fd3ffe000-7f3fd3fff000 r--p 0004f000 08:01 2889897                    /usr/lib/x86_64-linux-gnu/libgobject-2.0.so.0.4000.0
7f3fd3fff000-7f3fd4000000 rw-p 00050000 08:01 2889897                    /usr/lib/x86_64-linux-gnu/libgobject-2.0.so.0.4000.0
7f3fd4000000-7f3fd41ba000 rw-p 00000000 00:00 0 
7f3fd41ba000-7f3fd8000000 ---p 00000000 00:00 0 
7f3fd8000000-7f3fd8021000 rw-p 00000000 00:00 0 
7f3fd8021000-7f3fdc000000 ---p 00000000 00:00 0 
7f3fdc000000-7f3fdc021000 rw-p 00000000 00:00 0 
7f3fdc021000-7f3fe0000000 ---p 00000000 00:00 0 
7f3fe0000000-7f3fe01eb000 rw-p 00000000 00:00 0 
7f3fe01eb000-7f3fe4000000 ---p 00000000 00:00 0 
7f3fe4000000-7f3fe4021000 rw-p 00000000 00:00 0 
7f3fe4021000-7f3fe8000000 ---p 00000000 00:00 0 
7f3fe8000000-7f3fe8021000 rw-p 00000000 00:00 0 
7f3fe8021000-7f3fec000000 ---p 00000000 00:00 0 
7f3fec000000-7f3fec021000 rw-p 00000000 00:00 0 
7f3fec021000-7f3ff0000000 ---p 00000000 00:00 0 
7f3ff0000000-7f3ff0021000 rw-p 00000000 00:00 0 
7f3ff0021000-7f3ff4000000 ---p 00000000 00:00 0 
7f3ff4000000-7f3ff4021000 rw-p 00000000 00:00 0 
7f3ff4021000-7f3ff8000000 ---p 00000000 00:00 0 
7f3ff8000000-7f3ff8021000 rw-p 00000000 00:00 0 
7f3ff8021000-7f3ffc000000 ---p 00000000 00:00 0 
7f3ffc000000-7f3ffc021000 rw-p 00000000 00:00 0 
7f3ffc021000-7f4000000000 ---p 00000000 00:00 0 
7f400006a000-7f400009b000 rw-p 00000000 00:00 0 
7f400009b000-7f4000206000 r-xp 00000000 08:01 2889899                    /usr/lib/x86_64-linux-gnu/libgio-2.0.so.0.4000.0
7f4000206000-7f4000406000 ---p 0016b000 08:01 2889899                    /usr/lib/x86_64-linux-gnu/libgio-2.0.so.0.4000.0
7f4000406000-7f400040a000 r--p 0016b000 08:01 2889899                    /usr/lib/x86_64-linux-gnu/libgio-2.0.so.0.4000.0
7f400040a000-7f400040c000 rw-p 0016f000 08:01 2889899                    /usr/lib/x86_64-linux-gnu/libgio-2.0.so.0.4000.0
7f400040c000-7f400040e000 rw-p 00000000 00:00 0 
7f4000428000-7f400042d000 r--s 0004c000 08:01 2892294                    /usr/lib/jvm/java-7-openjdk-amd64/jre/lib/jsse.jar
7f400042d000-7f4000443000 r-xp 00000000 08:01 2892486                    /usr/lib/jvm/java-7-openjdk-amd64/jre/lib/amd64/libnet.so
7f4000443000-7f4000643000 ---p 00016000 08:01 2892486                    /usr/lib/jvm/java-7-openjdk-amd64/jre/lib/amd64/libnet.so
7f4000643000-7f4000644000 r--p 00016000 08:01 2892486                    /usr/lib/jvm/java-7-openjdk-amd64/jre/lib/amd64/libnet.so
7f4000644000-7f4000645000 rw-p 00017000 08:01 2892486                    /usr/lib/jvm/java-7-openjdk-amd64/jre/lib/amd64/libnet.so
7f4000645000-7f4000647000 r--s 0000a000 08:01 3283270                    /usr/share/java/hamcrest-core-1.3.jar
7f4000647000-7f400064e000 r--s 00036000 08:01 3291516                    /usr/share/java/junit4-4.11.jar
7f400064e000-7f4000653000 r--s 000ab000 08:01 2099468                    /home/bouwe/workspace/joda-time-2.3-sources.jar
7f4000653000-7f400065b000 r--s 00136000 08:01 2099462                    /home/bouwe/workspace/joda-time-2.3-javadoc.jar
7f400065b000-7f400066a000 r--s 0007f000 08:01 2099469                    /home/bouwe/workspace/joda-time-2.3.jar
7f400066a000-7f400066b000 ---p 00000000 00:00 0 
7f400066b000-7f400076b000 rw-p 00000000 00:00 0                          [stack:24448]
7f400076b000-7f400076e000 ---p 00000000 00:00 0 
7f400076e000-7f400086c000 rw-p 00000000 00:00 0                          [stack:24447]
7f400086c000-7f400086f000 ---p 00000000 00:00 0 
7f400086f000-7f400096d000 rw-p 00000000 00:00 0                          [stack:24446]
7f400096d000-7f4000970000 ---p 00000000 00:00 0 
7f4000970000-7f4000a6e000 rw-p 00000000 00:00 0                          [stack:24445]
7f4000a6e000-7f4000a71000 ---p 00000000 00:00 0 
7f4000a71000-7f4000b6f000 rw-p 00000000 00:00 0                          [stack:24444]
7f4000b6f000-7f4000e77000 r--p 00000000 08:01 2883810                    /usr/lib/locale/locale-archive
7f4000e77000-7f4000e7a000 ---p 00000000 00:00 0 
7f4000e7a000-7f4000f78000 rw-p 00000000 00:00 0                          [stack:24443]
7f4000f78000-7f4000f7b000 ---p 00000000 00:00 0 
7f4000f7b000-7f4001079000 rw-p 00000000 00:00 0                          [stack:24442]
7f4001079000-7f400107a000 ---p 00000000 00:00 0 
7f400107a000-7f4002156000 rw-p 00000000 00:00 0                          [stack:24441]
7f4002156000-7f4002304000 r--s 01cfc000 08:01 2892263                    /usr/lib/jvm/java-7-openjdk-amd64/jre/lib/rt.jar
7f4002304000-7f40049c0000 rw-p 00000000 00:00 0 
7f40049c0000-7f40049c1000 ---p 00000000 00:00 0 
7f40049c1000-7f4004ac1000 rw-p 00000000 00:00 0                          [stack:24440]
7f4004ac1000-7f4004ac2000 ---p 00000000 00:00 0 
7f4004ac2000-7f4004bc2000 rw-p 00000000 00:00 0                          [stack:24439]
7f4004bc2000-7f4004bc3000 ---p 00000000 00:00 0 
7f4004bc3000-7f4004cc3000 rw-p 00000000 00:00 0                          [stack:24438]
7f4004cc3000-7f4004cc4000 ---p 00000000 00:00 0 
7f4004cc4000-7f4004dcf000 rw-p 00000000 00:00 0                          [stack:24434]
7f4004dcf000-7f4004e17000 rw-p 00000000 00:00 0 
7f4004e17000-7f4004e2c000 rw-p 00000000 00:00 0 
7f4004e2c000-7f4004f5c000 rw-p 00000000 00:00 0 
7f4004f5c000-7f4004fc2000 rw-p 00000000 00:00 0 
7f4004fc2000-7f4004fff000 rw-p 00000000 00:00 0 
7f4004fff000-7f4005000000 rw-p 00000000 00:00 0 
7f4005000000-7f4005270000 rwxp 00000000 00:00 0 
7f4005270000-7f400821a000 rw-p 00000000 00:00 0 
7f400821a000-7f400c000000 ---p 00000000 00:00 0 
7f400c000000-7f400c054000 rw-p 00000000 00:00 0 
7f400c054000-7f400c09c000 rw-p 00000000 00:00 0 
7f400c09c000-7f400c0b1000 rw-p 00000000 00:00 0 
7f400c0b1000-7f400c1e2000 rw-p 00000000 00:00 0 
7f400c1e2000-7f400c1ea000 r-xp 00000000 08:01 2892481                    /usr/lib/jvm/java-7-openjdk-amd64/jre/lib/amd64/libzip.so
7f400c1ea000-7f400c3e9000 ---p 00008000 08:01 2892481                    /usr/lib/jvm/java-7-openjdk-amd64/jre/lib/amd64/libzip.so
7f400c3e9000-7f400c3ea000 r--p 00007000 08:01 2892481                    /usr/lib/jvm/java-7-openjdk-amd64/jre/lib/amd64/libzip.so
7f400c3ea000-7f400c3eb000 rw-p 00008000 08:01 2892481                    /usr/lib/jvm/java-7-openjdk-amd64/jre/lib/amd64/libzip.so
7f400c3eb000-7f400c3f6000 r-xp 00000000 08:01 151269                     /lib/x86_64-linux-gnu/libnss_files-2.19.so
7f400c3f6000-7f400c5f5000 ---p 0000b000 08:01 151269                     /lib/x86_64-linux-gnu/libnss_files-2.19.so
7f400c5f5000-7f400c5f6000 r--p 0000a000 08:01 151269                     /lib/x86_64-linux-gnu/libnss_files-2.19.so
7f400c5f6000-7f400c5f7000 rw-p 0000b000 08:01 151269                     /lib/x86_64-linux-gnu/libnss_files-2.19.so
7f400c5f7000-7f400c602000 r-xp 00000000 08:01 151276                     /lib/x86_64-linux-gnu/libnss_nis-2.19.so
7f400c602000-7f400c801000 ---p 0000b000 08:01 151276                     /lib/x86_64-linux-gnu/libnss_nis-2.19.so
7f400c801000-7f400c802000 r--p 0000a000 08:01 151276                     /lib/x86_64-linux-gnu/libnss_nis-2.19.so
7f400c802000-7f400c803000 rw-p 0000b000 08:01 151276                     /lib/x86_64-linux-gnu/libnss_nis-2.19.so
7f400c803000-7f400c81a000 r-xp 00000000 08:01 151273                     /lib/x86_64-linux-gnu/libnsl-2.19.so
7f400c81a000-7f400ca19000 ---p 00017000 08:01 151273                     /lib/x86_64-linux-gnu/libnsl-2.19.so
7f400ca19000-7f400ca1a000 r--p 00016000 08:01 151273                     /lib/x86_64-linux-gnu/libnsl-2.19.so
7f400ca1a000-7f400ca1b000 rw-p 00017000 08:01 151273                     /lib/x86_64-linux-gnu/libnsl-2.19.so
7f400ca1b000-7f400ca1d000 rw-p 00000000 00:00 0 
7f400ca1d000-7f400ca26000 r-xp 00000000 08:01 151277                     /lib/x86_64-linux-gnu/libnss_compat-2.19.so
7f400ca26000-7f400cc25000 ---p 00009000 08:01 151277                     /lib/x86_64-linux-gnu/libnss_compat-2.19.so
7f400cc25000-7f400cc26000 r--p 00008000 08:01 151277                     /lib/x86_64-linux-gnu/libnss_compat-2.19.so
7f400cc26000-7f400cc27000 rw-p 00009000 08:01 151277                     /lib/x86_64-linux-gnu/libnss_compat-2.19.so
7f400cc27000-7f400cc52000 r-xp 00000000 08:01 2892403                    /usr/lib/jvm/java-7-openjdk-amd64/jre/lib/amd64/libjava.so
7f400cc52000-7f400ce51000 ---p 0002b000 08:01 2892403                    /usr/lib/jvm/java-7-openjdk-amd64/jre/lib/amd64/libjava.so
7f400ce51000-7f400ce52000 r--p 0002a000 08:01 2892403                    /usr/lib/jvm/java-7-openjdk-amd64/jre/lib/amd64/libjava.so
7f400ce52000-7f400ce54000 rw-p 0002b000 08:01 2892403                    /usr/lib/jvm/java-7-openjdk-amd64/jre/lib/amd64/libjava.so
7f400ce54000-7f400ce64000 r-xp 00000000 08:01 2912707                    /usr/lib/jvm/java-7-openjdk-amd64/jre/lib/amd64/libverify.so
7f400ce64000-7f400d063000 ---p 00010000 08:01 2912707                    /usr/lib/jvm/java-7-openjdk-amd64/jre/lib/amd64/libverify.so
7f400d063000-7f400d065000 r--p 0000f000 08:01 2912707                    /usr/lib/jvm/java-7-openjdk-amd64/jre/lib/amd64/libverify.so
7f400d065000-7f400d066000 rw-p 00011000 08:01 2912707                    /usr/lib/jvm/java-7-openjdk-amd64/jre/lib/amd64/libverify.so
7f400d066000-7f400d06d000 r-xp 00000000 08:01 151284                     /lib/x86_64-linux-gnu/librt-2.19.so
7f400d06d000-7f400d26c000 ---p 00007000 08:01 151284                     /lib/x86_64-linux-gnu/librt-2.19.so
7f400d26c000-7f400d26d000 r--p 00006000 08:01 151284                     /lib/x86_64-linux-gnu/librt-2.19.so
7f400d26d000-7f400d26e000 rw-p 00007000 08:01 151284                     /lib/x86_64-linux-gnu/librt-2.19.so
7f400d26e000-7f400d284000 r-xp 00000000 08:01 135143                     /lib/x86_64-linux-gnu/libgcc_s.so.1
7f400d284000-7f400d483000 ---p 00016000 08:01 135143                     /lib/x86_64-linux-gnu/libgcc_s.so.1
7f400d483000-7f400d484000 rw-p 00015000 08:01 135143                     /lib/x86_64-linux-gnu/libgcc_s.so.1
7f400d484000-7f400d589000 r-xp 00000000 08:01 151270                     /lib/x86_64-linux-gnu/libm-2.19.so
7f400d589000-7f400d788000 ---p 00105000 08:01 151270                     /lib/x86_64-linux-gnu/libm-2.19.so
7f400d788000-7f400d789000 r--p 00104000 08:01 151270                     /lib/x86_64-linux-gnu/libm-2.19.so
7f400d789000-7f400d78a000 rw-p 00105000 08:01 151270                     /lib/x86_64-linux-gnu/libm-2.19.so
7f400d78a000-7f400d870000 r-xp 00000000 08:01 2886201                    /usr/lib/x86_64-linux-gnu/libstdc++.so.6.0.19
7f400d870000-7f400da6f000 ---p 000e6000 08:01 2886201                    /usr/lib/x86_64-linux-gnu/libstdc++.so.6.0.19
7f400da6f000-7f400da77000 r--p 000e5000 08:01 2886201                    /usr/lib/x86_64-linux-gnu/libstdc++.so.6.0.19
7f400da77000-7f400da79000 rw-p 000ed000 08:01 2886201                    /usr/lib/x86_64-linux-gnu/libstdc++.so.6.0.19
7f400da79000-7f400da8e000 rw-p 00000000 00:00 0 
7f400da8e000-7f400e56f000 r-xp 00000000 08:01 2892491                    /usr/lib/jvm/java-7-openjdk-amd64/jre/lib/amd64/server/libjvm.so
7f400e56f000-7f400e76e000 ---p 00ae1000 08:01 2892491                    /usr/lib/jvm/java-7-openjdk-amd64/jre/lib/amd64/server/libjvm.so
7f400e76e000-7f400e800000 r--p 00ae0000 08:01 2892491                    /usr/lib/jvm/java-7-openjdk-amd64/jre/lib/amd64/server/libjvm.so
7f400e800000-7f400e823000 rw-p 00b72000 08:01 2892491                    /usr/lib/jvm/java-7-openjdk-amd64/jre/lib/amd64/server/libjvm.so
7f400e823000-7f400e850000 rw-p 00000000 00:00 0 
7f400e850000-7f400e868000 r-xp 00000000 08:01 135324                     /lib/x86_64-linux-gnu/libz.so.1.2.8
7f400e868000-7f400ea67000 ---p 00018000 08:01 135324                     /lib/x86_64-linux-gnu/libz.so.1.2.8
7f400ea67000-7f400ea68000 r--p 00017000 08:01 135324                     /lib/x86_64-linux-gnu/libz.so.1.2.8
7f400ea68000-7f400ea69000 rw-p 00018000 08:01 135324                     /lib/x86_64-linux-gnu/libz.so.1.2.8
7f400ea69000-7f400ea82000 r-xp 00000000 08:01 151283                     /lib/x86_64-linux-gnu/libpthread-2.19.so
7f400ea82000-7f400ec81000 ---p 00019000 08:01 151283                     /lib/x86_64-linux-gnu/libpthread-2.19.so
7f400ec81000-7f400ec82000 r--p 00018000 08:01 151283                     /lib/x86_64-linux-gnu/libpthread-2.19.so
7f400ec82000-7f400ec83000 rw-p 00019000 08:01 151283                     /lib/x86_64-linux-gnu/libpthread-2.19.so
7f400ec83000-7f400ec87000 rw-p 00000000 00:00 0 
7f400ec87000-7f400ec8a000 r-xp 00000000 08:01 151280                     /lib/x86_64-linux-gnu/libdl-2.19.so
7f400ec8a000-7f400ee89000 ---p 00003000 08:01 151280                     /lib/x86_64-linux-gnu/libdl-2.19.so
7f400ee89000-7f400ee8a000 r--p 00002000 08:01 151280                     /lib/x86_64-linux-gnu/libdl-2.19.so
7f400ee8a000-7f400ee8b000 rw-p 00003000 08:01 151280                     /lib/x86_64-linux-gnu/libdl-2.19.so
7f400ee8b000-7f400f047000 r-xp 00000000 08:01 151267                     /lib/x86_64-linux-gnu/libc-2.19.so
7f400f047000-7f400f246000 ---p 001bc000 08:01 151267                     /lib/x86_64-linux-gnu/libc-2.19.so
7f400f246000-7f400f24a000 r--p 001bb000 08:01 151267                     /lib/x86_64-linux-gnu/libc-2.19.so
7f400f24a000-7f400f24c000 rw-p 001bf000 08:01 151267                     /lib/x86_64-linux-gnu/libc-2.19.so
7f400f24c000-7f400f251000 rw-p 00000000 00:00 0 
7f400f251000-7f400f25e000 r-xp 00000000 08:01 2912699                    /usr/lib/jvm/java-7-openjdk-amd64/jre/lib/amd64/jli/libjli.so
7f400f25e000-7f400f45d000 ---p 0000d000 08:01 2912699                    /usr/lib/jvm/java-7-openjdk-amd64/jre/lib/amd64/jli/libjli.so
7f400f45d000-7f400f45e000 r--p 0000c000 08:01 2912699                    /usr/lib/jvm/java-7-openjdk-amd64/jre/lib/amd64/jli/libjli.so
7f400f45e000-7f400f45f000 rw-p 0000d000 08:01 2912699                    /usr/lib/jvm/java-7-openjdk-amd64/jre/lib/amd64/jli/libjli.so
7f400f45f000-7f400f482000 r-xp 00000000 08:01 149721                     /lib/x86_64-linux-gnu/ld-2.19.so
7f400f482000-7f400f4a4000 rw-p 00000000 00:00 0 
7f400f4a4000-7f400f55a000 rw-p 00000000 00:00 0 
7f400f55a000-7f400f55d000 ---p 00000000 00:00 0 
7f400f55d000-7f400f660000 rw-p 00000000 00:00 0                          [stack:24431]
7f400f660000-7f400f662000 r--s 0000a000 08:01 3283270                    /usr/share/java/hamcrest-core-1.3.jar
7f400f662000-7f400f664000 r--s 00006000 08:01 3280663                    /usr/share/java/java-atk-wrapper.jar
7f400f664000-7f400f668000 r--s 00085000 08:01 2892273                    /usr/lib/jvm/java-7-openjdk-amd64/jre/lib/ext/localedata.jar
7f400f668000-7f400f66b000 r--s 00032000 08:01 2892271                    /usr/lib/jvm/java-7-openjdk-amd64/jre/lib/ext/sunjce_provider.jar
7f400f66b000-7f400f66c000 r--s 00002000 08:01 2892276                    /usr/lib/jvm/java-7-openjdk-amd64/jre/lib/ext/dnsns.jar
7f400f66c000-7f400f66f000 r--s 0000f000 08:01 2892268                    /usr/lib/jvm/java-7-openjdk-amd64/jre/lib/ext/pulse-java.jar
7f400f66f000-7f400f671000 r--s 00012000 08:01 2892269                    /usr/lib/jvm/java-7-openjdk-amd64/jre/lib/ext/zipfs.jar
7f400f671000-7f400f675000 r--s 0003b000 08:01 2892274                    /usr/lib/jvm/java-7-openjdk-amd64/jre/lib/ext/sunpkcs11.jar
7f400f675000-7f400f67d000 rw-s 00000000 08:01 1183140                    /tmp/hsperfdata_bouwe/24429
7f400f67d000-7f400f67e000 rw-p 00000000 00:00 0 
7f400f67e000-7f400f67f000 ---p 00000000 00:00 0 
7f400f67f000-7f400f681000 rw-p 00000000 00:00 0 
7f400f681000-7f400f682000 r--p 00022000 08:01 149721                     /lib/x86_64-linux-gnu/ld-2.19.so
7f400f682000-7f400f683000 rw-p 00023000 08:01 149721                     /lib/x86_64-linux-gnu/ld-2.19.so
7f400f683000-7f400f684000 rw-p 00000000 00:00 0 
7fffbe42b000-7fffbe44c000 rw-p 00000000 00:00 0                          [stack]
7fffbe513000-7fffbe515000 r-xp 00000000 00:00 0                          [vdso]
ffffffffff600000-ffffffffff601000 r-xp 00000000 00:00 0                  [vsyscall]

VM Arguments:
jvm_args: -Dfile.encoding=UTF-8 
java_command: org.eclipse.jdt.internal.junit.runner.RemoteTestRunner -version 3 -port 51560 -testLoaderClass org.eclipse.jdt.internal.junit4.runner.JUnit4TestLoader -loaderpluginname org.eclipse.jdt.junit4.runtime -classNames businessmodel.scheduler.InitialDataTest
Launcher Type: SUN_STANDARD

Environment Variables:
PATH=/usr/local/sbin:/usr/local/bin:/usr/sbin:/usr/bin:/sbin:/bin:/usr/games:/usr/local/games
SHELL=/bin/bash
DISPLAY=:0

Signal Handlers:
SIGSEGV: [libjvm.so+0x918620], sa_mask[0]=0x7ffbfeff, sa_flags=0x10000004
SIGBUS: [libjvm.so+0x918620], sa_mask[0]=0x7ffbfeff, sa_flags=0x10000004
SIGFPE: [libjvm.so+0x795e30], sa_mask[0]=0x7ffbfeff, sa_flags=0x10000004
SIGPIPE: [libjvm.so+0x795e30], sa_mask[0]=0x7ffbfeff, sa_flags=0x10000004
SIGXFSZ: [libjvm.so+0x795e30], sa_mask[0]=0x7ffbfeff, sa_flags=0x10000004
SIGILL: [libjvm.so+0x795e30], sa_mask[0]=0x7ffbfeff, sa_flags=0x10000004
SIGUSR1: SIG_DFL, sa_mask[0]=0x00000000, sa_flags=0x00000000
SIGUSR2: [libjvm.so+0x795cd0], sa_mask[0]=0x00000004, sa_flags=0x10000004
SIGHUP: [libjvm.so+0x795eb0], sa_mask[0]=0x7ffbfeff, sa_flags=0x10000004
SIGINT: [libjvm.so+0x795eb0], sa_mask[0]=0x7ffbfeff, sa_flags=0x10000004
SIGTERM: [libjvm.so+0x795eb0], sa_mask[0]=0x7ffbfeff, sa_flags=0x10000004
SIGQUIT: [libjvm.so+0x795eb0], sa_mask[0]=0x7ffbfeff, sa_flags=0x10000004


---------------  S Y S T E M  ---------------

OS:Ubuntu 14.04 (trusty)
uname:Linux 3.14.0-031400-generic #201403310035 SMP Mon Mar 31 04:36:23 UTC 2014 x86_64
libc:glibc 2.19 NPTL 2.19 
rlimit: STACK 8192k, CORE 0k, NPROC 31040, NOFILE 4096, AS infinity
load average:0.72 0.75 0.80

/proc/meminfo:
MemTotal:        3993640 kB
MemFree:          134444 kB
MemAvailable:      91392 kB
Buffers:             344 kB
Cached:           414152 kB
SwapCached:            0 kB
Active:          3286656 kB
Inactive:         354960 kB
Active(anon):    3255912 kB
Inactive(anon):   333932 kB
Active(file):      30744 kB
Inactive(file):    21028 kB
Unevictable:          64 kB
Mlocked:              64 kB
SwapTotal:             0 kB
SwapFree:              0 kB
Dirty:                32 kB
Writeback:             0 kB
AnonPages:       3227380 kB
Mapped:           164588 kB
Shmem:            362544 kB
Slab:              71256 kB
SReclaimable:      31064 kB
SUnreclaim:        40192 kB
KernelStack:        6976 kB
PageTables:        54596 kB
NFS_Unstable:          0 kB
Bounce:                0 kB
WritebackTmp:          0 kB
CommitLimit:     1996820 kB
Committed_AS:    7551980 kB
VmallocTotal:   34359738367 kB
VmallocUsed:      556236 kB
VmallocChunk:   34359172092 kB
HardwareCorrupted:     0 kB
AnonHugePages:   1294336 kB
HugePages_Total:       0
HugePages_Free:        0
HugePages_Rsvd:        0
HugePages_Surp:        0
Hugepagesize:       2048 kB
DirectMap4k:      180480 kB
DirectMap2M:     3960832 kB


CPU:total 4 (2 cores per cpu, 2 threads per core) family 6 model 42 stepping 7, cmov, cx8, fxsr, mmx, sse, sse2, sse3, ssse3, sse4.1, sse4.2, popcnt, avx, aes, ht, tsc, tscinvbit

/proc/cpuinfo:
processor	: 0
vendor_id	: GenuineIntel
cpu family	: 6
model		: 42
model name	: Intel(R) Core(TM) i5-2450M CPU @ 2.50GHz
stepping	: 7
microcode	: 0x23
cpu MHz		: 2525.000
cache size	: 3072 KB
physical id	: 0
siblings	: 4
core id		: 0
cpu cores	: 2
apicid		: 0
initial apicid	: 0
fpu		: yes
fpu_exception	: yes
cpuid level	: 13
wp		: yes
flags		: fpu vme de pse tsc msr pae mce cx8 apic sep mtrr pge mca cmov pat pse36 clflush dts acpi mmx fxsr sse sse2 ss ht tm pbe syscall nx rdtscp lm constant_tsc arch_perfmon pebs bts rep_good nopl xtopology nonstop_tsc aperfmperf eagerfpu pni pclmulqdq dtes64 monitor ds_cpl vmx est tm2 ssse3 cx16 xtpr pdcm pcid sse4_1 sse4_2 x2apic popcnt tsc_deadline_timer aes xsave avx lahf_lm ida arat epb xsaveopt pln pts dtherm tpr_shadow vnmi flexpriority ept vpid
bogomips	: 4988.78
clflush size	: 64
cache_alignment	: 64
address sizes	: 36 bits physical, 48 bits virtual
power management:

processor	: 1
vendor_id	: GenuineIntel
cpu family	: 6
model		: 42
model name	: Intel(R) Core(TM) i5-2450M CPU @ 2.50GHz
stepping	: 7
microcode	: 0x23
cpu MHz		: 2837.500
cache size	: 3072 KB
physical id	: 0
siblings	: 4
core id		: 0
cpu cores	: 2
apicid		: 1
initial apicid	: 1
fpu		: yes
fpu_exception	: yes
cpuid level	: 13
wp		: yes
flags		: fpu vme de pse tsc msr pae mce cx8 apic sep mtrr pge mca cmov pat pse36 clflush dts acpi mmx fxsr sse sse2 ss ht tm pbe syscall nx rdtscp lm constant_tsc arch_perfmon pebs bts rep_good nopl xtopology nonstop_tsc aperfmperf eagerfpu pni pclmulqdq dtes64 monitor ds_cpl vmx est tm2 ssse3 cx16 xtpr pdcm pcid sse4_1 sse4_2 x2apic popcnt tsc_deadline_timer aes xsave avx lahf_lm ida arat epb xsaveopt pln pts dtherm tpr_shadow vnmi flexpriority ept vpid
bogomips	: 4988.78
clflush size	: 64
cache_alignment	: 64
address sizes	: 36 bits physical, 48 bits virtual
power management:

processor	: 2
vendor_id	: GenuineIntel
cpu family	: 6
model		: 42
model name	: Intel(R) Core(TM) i5-2450M CPU @ 2.50GHz
stepping	: 7
microcode	: 0x23
cpu MHz		: 2446.875
cache size	: 3072 KB
physical id	: 0
siblings	: 4
core id		: 1
cpu cores	: 2
apicid		: 2
initial apicid	: 2
fpu		: yes
fpu_exception	: yes
cpuid level	: 13
wp		: yes
flags		: fpu vme de pse tsc msr pae mce cx8 apic sep mtrr pge mca cmov pat pse36 clflush dts acpi mmx fxsr sse sse2 ss ht tm pbe syscall nx rdtscp lm constant_tsc arch_perfmon pebs bts rep_good nopl xtopology nonstop_tsc aperfmperf eagerfpu pni pclmulqdq dtes64 monitor ds_cpl vmx est tm2 ssse3 cx16 xtpr pdcm pcid sse4_1 sse4_2 x2apic popcnt tsc_deadline_timer aes xsave avx lahf_lm ida arat epb xsaveopt pln pts dtherm tpr_shadow vnmi flexpriority ept vpid
bogomips	: 4988.78
clflush size	: 64
cache_alignment	: 64
address sizes	: 36 bits physical, 48 bits virtual
power management:

processor	: 3
vendor_id	: GenuineIntel
cpu family	: 6
model		: 42
model name	: Intel(R) Core(TM) i5-2450M CPU @ 2.50GHz
stepping	: 7
microcode	: 0x23
cpu MHz		: 2603.125
cache size	: 3072 KB
physical id	: 0
siblings	: 4
core id		: 1
cpu cores	: 2
apicid		: 3
initial apicid	: 3
fpu		: yes
fpu_exception	: yes
cpuid level	: 13
wp		: yes
flags		: fpu vme de pse tsc msr pae mce cx8 apic sep mtrr pge mca cmov pat pse36 clflush dts acpi mmx fxsr sse sse2 ss ht tm pbe syscall nx rdtscp lm constant_tsc arch_perfmon pebs bts rep_good nopl xtopology nonstop_tsc aperfmperf eagerfpu pni pclmulqdq dtes64 monitor ds_cpl vmx est tm2 ssse3 cx16 xtpr pdcm pcid sse4_1 sse4_2 x2apic popcnt tsc_deadline_timer aes xsave avx lahf_lm ida arat epb xsaveopt pln pts dtherm tpr_shadow vnmi flexpriority ept vpid
bogomips	: 4988.78
clflush size	: 64
cache_alignment	: 64
address sizes	: 36 bits physical, 48 bits virtual
power management:



Memory: 4k page, physical 3993640k(134444k free), swap 0k(0k free)

vm_info: OpenJDK 64-Bit Server VM (24.51-b03) for linux-amd64 JRE (1.7.0_55-b14), built on Apr 17 2014 20:08:07 by "buildd" with gcc 4.8.2

time: Thu May 15 16:49:03 2014
elapsed time: 1 seconds

