#
# There is insufficient memory for the Java Runtime Environment to continue.
# Native memory allocation (malloc) failed to allocate 320864256 bytes for committing reserved memory.
# Possible reasons:
#   The system is out of physical RAM or swap space
#   In 32 bit mode, the process size limit was hit
# Possible solutions:
#   Reduce memory load on the system
#   Increase physical memory or swap space
#   Check if swap backing store is full
#   Use 64 bit Java on a 64 bit OS
#   Decrease Java heap size (-Xmx/-Xms)
#   Decrease number of Java threads
#   Decrease Java thread stack sizes (-Xss)
#   Set larger code cache with -XX:ReservedCodeCacheSize=
# This output file may be truncated or incomplete.
#
#  Out of Memory Error (os_linux.cpp:2769), pid=10642, tid=140255609300736
#
# JRE version: OpenJDK Runtime Environment (7.0_55-b14) (build 1.7.0_55-b14)
# Java VM: OpenJDK 64-Bit Server VM (24.51-b03 mixed mode linux-amd64 compressed oops)
# Failed to write core dump. Core dumps have been disabled. To enable core dumping, try "ulimit -c unlimited" before starting Java again
#

---------------  T H R E A D  ---------------

Current thread (0x00007f8fd4075800):  VMThread [stack: 0x00007f8fcdb52000,0x00007f8fcdc53000] [id=10652]

Stack: [0x00007f8fcdb52000,0x00007f8fcdc53000],  sp=0x00007f8fcdc517e0,  free space=1021k
Native frames: (J=compiled Java code, j=interpreted, Vv=VM code, C=native code)
V  [libjvm.so+0x917b35]  VMError::report_and_die()+0x175
V  [libjvm.so+0x468144]  report_vm_out_of_memory(char const*, int, unsigned long, char const*)+0x74
V  [libjvm.so+0x79a81b]  os::pd_commit_memory(char*, unsigned long, unsigned long, bool)+0x20b
V  [libjvm.so+0x7950df]  os::commit_memory(char*, unsigned long, unsigned long, bool)+0x1f
V  [libjvm.so+0x8053cb]  PSVirtualSpace::expand_by(unsigned long)+0x5b
V  [libjvm.so+0x7f519b]  PSOldGen::expand_by(unsigned long) [clone .part.80]+0x1b
V  [libjvm.so+0x7f5380]  PSOldGen::expand(unsigned long) [clone .part.81]+0x100
V  [libjvm.so+0x7f5c38]  PSOldGen::allocate(unsigned long)+0xf8
V  [libjvm.so+0x7b9c34]  ParallelScavengeHeap::failed_mem_allocate(unsigned long)+0x164
V  [libjvm.so+0x919544]  VM_ParallelGCFailedAllocation::doit()+0x84
V  [libjvm.so+0x91d9e7]  VM_Operation::evaluate()+0x47
V  [libjvm.so+0x91c3b8]  VMThread::evaluate_operation(VM_Operation*)+0x318
V  [libjvm.so+0x91c819]  VMThread::loop()+0x219
V  [libjvm.so+0x91cc62]  VMThread::run()+0x72
V  [libjvm.so+0x7974e2]  java_start(Thread*)+0xf2

VM_Operation (0x00007f8fdc135610): ParallelGCFailedAllocation, mode: safepoint, requested by thread 0x00007f8fd400a000


---------------  P R O C E S S  ---------------

Java Threads: ( => current thread )
  0x00007f8fd40a6800 JavaThread "Service Thread" daemon [_thread_blocked, id=10658, stack(0x00007f8fcd244000,0x00007f8fcd345000)]
  0x00007f8fd40a4000 JavaThread "C2 CompilerThread1" daemon [_thread_blocked, id=10657, stack(0x00007f8fcd345000,0x00007f8fcd446000)]
  0x00007f8fd40a1000 JavaThread "C2 CompilerThread0" daemon [_thread_blocked, id=10656, stack(0x00007f8fcd446000,0x00007f8fcd547000)]
  0x00007f8fd409f000 JavaThread "Signal Dispatcher" daemon [_thread_blocked, id=10655, stack(0x00007f8fcd547000,0x00007f8fcd648000)]
  0x00007f8fd407c000 JavaThread "Finalizer" daemon [_thread_blocked, id=10654, stack(0x00007f8fcd950000,0x00007f8fcda51000)]
  0x00007f8fd407a000 JavaThread "Reference Handler" daemon [_thread_blocked, id=10653, stack(0x00007f8fcda51000,0x00007f8fcdb52000)]
  0x00007f8fd400a000 JavaThread "main" [_thread_blocked, id=10644, stack(0x00007f8fdc036000,0x00007f8fdc137000)]

Other Threads:
=>0x00007f8fd4075800 VMThread [stack: 0x00007f8fcdb52000,0x00007f8fcdc53000] [id=10652]
  0x00007f8fd40b1000 WatcherThread [stack: 0x00007f8fcd143000,0x00007f8fcd244000] [id=10659]

VM state:at safepoint (normal execution)

VM Mutex/Monitor currently owned by a thread:  ([mutex/lock_event])
[0x00007f8fd4005fe0] ExpandHeap_lock - owner thread: 0x00007f8fd4075800
[0x00007f8fd4006660] Threads_lock - owner thread: 0x00007f8fd4075800
[0x00007f8fd4006b60] Heap_lock - owner thread: 0x00007f8fd400a000

Heap
 PSYoungGen      total 64000K, used 0K [0x00000000eba80000, 0x00000000f0c00000, 0x0000000100000000)
  eden space 61440K, 0% used [0x00000000eba80000,0x00000000eba80000,0x00000000ef680000)
  from space 2560K, 0% used [0x00000000ef680000,0x00000000ef680000,0x00000000ef900000)
  to   space 1536K, 0% used [0x00000000f0a80000,0x00000000f0a80000,0x00000000f0c00000)
 ParOldGen       total 352768K, used 274384K [0x00000000c3000000, 0x00000000d8880000, 0x00000000eba80000)
  object space 352768K, 77% used [0x00000000c3000000,0x00000000d3bf4320,0x00000000d8880000)
 PSPermGen       total 21504K, used 4737K [0x00000000b8a00000, 0x00000000b9f00000, 0x00000000c3000000)
  object space 21504K, 22% used [0x00000000b8a00000,0x00000000b8ea0528,0x00000000b9f00000)

Card table byte_map: [0x00007f8fd8a82000,0x00007f8fd8cbe000] byte_map_base: 0x00007f8fd84bd000

Polling page: 0x00007f8fdc15a000

Code Cache  [0x00007f8fd1000000, 0x00007f8fd1270000, 0x00007f8fd4000000)
 total_blobs=254 nmethods=32 adapters=176 free_code_cache=48707Kb largest_free_block=49854592

Compilation events (10 events):
Event: 0.289 Thread 0x00007f8fd40a4000 nmethod 27 0x00007f8fd106af10 code [0x00007f8fd106b060, 0x00007f8fd106b158]
Event: 0.289 Thread 0x00007f8fd40a4000   29             java.util.ArrayList::access$200 (5 bytes)
Event: 0.289 Thread 0x00007f8fd40a1000 nmethod 28 0x00007f8fd106ac90 code [0x00007f8fd106ade0, 0x00007f8fd106ae58]
Event: 0.289 Thread 0x00007f8fd40a4000 nmethod 29 0x00007f8fd106aa10 code [0x00007f8fd106ab40, 0x00007f8fd106ab98]
Event: 0.289 Thread 0x00007f8fd40a1000   30             businessmodel.util.SafeIterator::hasNext (32 bytes)
Event: 0.289 Thread 0x00007f8fd40a4000   31             businessmodel.util.SafeIterator::next (32 bytes)
Event: 0.291 Thread 0x00007f8fd40a1000 nmethod 30 0x00007f8fd106d110 code [0x00007f8fd106d260, 0x00007f8fd106d2f8]
Event: 0.291 Thread 0x00007f8fd40a4000 nmethod 31 0x00007f8fd106ccd0 code [0x00007f8fd106ce20, 0x00007f8fd106cf38]
Event: 0.291 Thread 0x00007f8fd40a1000   32 %           control.InitialData::processOrders @ 70 (172 bytes)
Event: 0.302 Thread 0x00007f8fd40a1000 nmethod 32% 0x00007f8fd1073750 code [0x00007f8fd1073920, 0x00007f8fd1074078]

GC Heap History (10 events):
Event: 1.608 GC heap before
{Heap before GC invocations=3 (full 0):
 PSYoungGen      total 34304K, used 608K [0x00000000eba80000, 0x00000000ede80000, 0x0000000100000000)
  eden space 31744K, 0% used [0x00000000eba80000,0x00000000eba80000,0x00000000ed980000)
  from space 2560K, 23% used [0x00000000edc00000,0x00000000edc98000,0x00000000ede80000)
  to   space 2560K, 0% used [0x00000000ed980000,0x00000000ed980000,0x00000000edc00000)
 ParOldGen       total 666112K, used 529394K [0x00000000c3000000, 0x00000000eba80000, 0x00000000eba80000)
  object space 666112K, 79% used [0x00000000c3000000,0x00000000e34fc810,0x00000000eba80000)
 PSPermGen       total 21504K, used 4738K [0x00000000b8a00000, 0x00000000b9f00000, 0x00000000c3000000)
  object space 21504K, 22% used [0x00000000b8a00000,0x00000000b8ea0aa0,0x00000000b9f00000)
Event: 2.145 GC heap after
Heap after GC invocations=3 (full 0):
 PSYoungGen      total 34304K, used 608K [0x00000000eba80000, 0x00000000efd80000, 0x0000000100000000)
  eden space 31744K, 0% used [0x00000000eba80000,0x00000000eba80000,0x00000000ed980000)
  from space 2560K, 23% used [0x00000000ed980000,0x00000000eda18000,0x00000000edc00000)
  to   space 2560K, 0% used [0x00000000efb00000,0x00000000efb00000,0x00000000efd80000)
 ParOldGen       total 666112K, used 529394K [0x00000000c3000000, 0x00000000eba80000, 0x00000000eba80000)
  object space 666112K, 79% used [0x00000000c3000000,0x00000000e34fc810,0x00000000eba80000)
 PSPermGen       total 21504K, used 4738K [0x00000000b8a00000, 0x00000000b9f00000, 0x00000000c3000000)
  object space 21504K, 22% used [0x00000000b8a00000,0x00000000b8ea0aa0,0x00000000b9f00000)
}
Event: 2.145 GC heap before
{Heap before GC invocations=4 (full 1):
 PSYoungGen      total 34304K, used 608K [0x00000000eba80000, 0x00000000efd80000, 0x0000000100000000)
  eden space 31744K, 0% used [0x00000000eba80000,0x00000000eba80000,0x00000000ed980000)
  from space 2560K, 23% used [0x00000000ed980000,0x00000000eda18000,0x00000000edc00000)
  to   space 2560K, 0% used [0x00000000efb00000,0x00000000efb00000,0x00000000efd80000)
 ParOldGen       total 666112K, used 529394K [0x00000000c3000000, 0x00000000eba80000, 0x00000000eba80000)
  object space 666112K, 79% used [0x00000000c3000000,0x00000000e34fc810,0x00000000eba80000)
 PSPermGen       total 21504K, used 4738K [0x00000000b8a00000, 0x00000000b9f00000, 0x00000000c3000000)
  object space 21504K, 22% used [0x00000000b8a00000,0x00000000b8ea0aa0,0x00000000b9f00000)
Event: 3.205 GC heap after
Heap after GC invocations=4 (full 1):
 PSYoungGen      total 34304K, used 0K [0x00000000eba80000, 0x00000000efd80000, 0x0000000100000000)
  eden space 31744K, 0% used [0x00000000eba80000,0x00000000eba80000,0x00000000ed980000)
  from space 2560K, 0% used [0x00000000ed980000,0x00000000ed980000,0x00000000edc00000)
  to   space 2560K, 0% used [0x00000000efb00000,0x00000000efb00000,0x00000000efd80000)
 ParOldGen       total 236032K, used 183120K [0x00000000c3000000, 0x00000000d1680000, 0x00000000eba80000)
  object space 236032K, 77% used [0x00000000c3000000,0x00000000ce2d4178,0x00000000d1680000)
 PSPermGen       total 21504K, used 4737K [0x00000000b8a00000, 0x00000000b9f00000, 0x00000000c3000000)
  object space 21504K, 22% used [0x00000000b8a00000,0x00000000b8ea0528,0x00000000b9f00000)
}
Event: 3.751 GC heap before
{Heap before GC invocations=5 (full 1):
 PSYoungGen      total 34304K, used 0K [0x00000000eba80000, 0x00000000efd80000, 0x0000000100000000)
  eden space 31744K, 0% used [0x00000000eba80000,0x00000000eba80000,0x00000000ed980000)
  from space 2560K, 0% used [0x00000000ed980000,0x00000000ed980000,0x00000000edc00000)
  to   space 2560K, 0% used [0x00000000efb00000,0x00000000efb00000,0x00000000efd80000)
 ParOldGen       total 666112K, used 456913K [0x00000000c3000000, 0x00000000eba80000, 0x00000000eba80000)
  object space 666112K, 68% used [0x00000000c3000000,0x00000000dee34680,0x00000000eba80000)
 PSPermGen       total 21504K, used 4737K [0x00000000b8a00000, 0x00000000b9f00000, 0x00000000c3000000)
  object space 21504K, 22% used [0x00000000b8a00000,0x00000000b8ea0528,0x00000000b9f00000)
Event: 3.939 GC heap after
Heap after GC invocations=5 (full 1):
 PSYoungGen      total 49664K, used 0K [0x00000000eba80000, 0x00000000efb80000, 0x0000000100000000)
  eden space 49152K, 0% used [0x00000000eba80000,0x00000000eba80000,0x00000000eea80000)
  from space 512K, 0% used [0x00000000efb00000,0x00000000efb00000,0x00000000efb80000)
  to   space 2560K, 0% used [0x00000000ef680000,0x00000000ef680000,0x00000000ef900000)
 ParOldGen       total 666112K, used 456913K [0x00000000c3000000, 0x00000000eba80000, 0x00000000eba80000)
  object space 666112K, 68% used [0x00000000c3000000,0x00000000dee34680,0x00000000eba80000)
 PSPermGen       total 21504K, used 4737K [0x00000000b8a00000, 0x00000000b9f00000, 0x00000000c3000000)
  object space 21504K, 22% used [0x00000000b8a00000,0x00000000b8ea0528,0x00000000b9f00000)
}
Event: 3.939 GC heap before
{Heap before GC invocations=6 (full 1):
 PSYoungGen      total 49664K, used 0K [0x00000000eba80000, 0x00000000efb80000, 0x0000000100000000)
  eden space 49152K, 0% used [0x00000000eba80000,0x00000000eba80000,0x00000000eea80000)
  from space 512K, 0% used [0x00000000efb00000,0x00000000efb00000,0x00000000efb80000)
  to   space 2560K, 0% used [0x00000000ef680000,0x00000000ef680000,0x00000000ef900000)
 ParOldGen       total 666112K, used 456913K [0x00000000c3000000, 0x00000000eba80000, 0x00000000eba80000)
  object space 666112K, 68% used [0x00000000c3000000,0x00000000dee34680,0x00000000eba80000)
 PSPermGen       total 21504K, used 4737K [0x00000000b8a00000, 0x00000000b9f00000, 0x00000000c3000000)
  object space 21504K, 22% used [0x00000000b8a00000,0x00000000b8ea0528,0x00000000b9f00000)
Event: 4.101 GC heap after
Heap after GC invocations=6 (full 1):
 PSYoungGen      total 64000K, used 0K [0x00000000eba80000, 0x00000000f0c00000, 0x0000000100000000)
  eden space 61440K, 0% used [0x00000000eba80000,0x00000000eba80000,0x00000000ef680000)
  from space 2560K, 0% used [0x00000000ef680000,0x00000000ef680000,0x00000000ef900000)
  to   space 1536K, 0% used [0x00000000f0a80000,0x00000000f0a80000,0x00000000f0c00000)
 ParOldGen       total 666112K, used 456913K [0x00000000c3000000, 0x00000000eba80000, 0x00000000eba80000)
  object space 666112K, 68% used [0x00000000c3000000,0x00000000dee34680,0x00000000eba80000)
 PSPermGen       total 21504K, used 4737K [0x00000000b8a00000, 0x00000000b9f00000, 0x00000000c3000000)
  object space 21504K, 22% used [0x00000000b8a00000,0x00000000b8ea0528,0x00000000b9f00000)
}
Event: 4.101 GC heap before
{Heap before GC invocations=7 (full 2):
 PSYoungGen      total 64000K, used 0K [0x00000000eba80000, 0x00000000f0c00000, 0x0000000100000000)
  eden space 61440K, 0% used [0x00000000eba80000,0x00000000eba80000,0x00000000ef680000)
  from space 2560K, 0% used [0x00000000ef680000,0x00000000ef680000,0x00000000ef900000)
  to   space 1536K, 0% used [0x00000000f0a80000,0x00000000f0a80000,0x00000000f0c00000)
 ParOldGen       total 666112K, used 456913K [0x00000000c3000000, 0x00000000eba80000, 0x00000000eba80000)
  object space 666112K, 68% used [0x00000000c3000000,0x00000000dee34680,0x00000000eba80000)
 PSPermGen       total 21504K, used 4737K [0x00000000b8a00000, 0x00000000b9f00000, 0x00000000c3000000)
  object space 21504K, 22% used [0x00000000b8a00000,0x00000000b8ea0528,0x00000000b9f00000)
Event: 8.428 GC heap after
Heap after GC invocations=7 (full 2):
 PSYoungGen      total 64000K, used 0K [0x00000000eba80000, 0x00000000f0c00000, 0x0000000100000000)
  eden space 61440K, 0% used [0x00000000eba80000,0x00000000eba80000,0x00000000ef680000)
  from space 2560K, 0% used [0x00000000ef680000,0x00000000ef680000,0x00000000ef900000)
  to   space 1536K, 0% used [0x00000000f0a80000,0x00000000f0a80000,0x00000000f0c00000)
 ParOldGen       total 352768K, used 274384K [0x00000000c3000000, 0x00000000d8880000, 0x00000000eba80000)
  object space 352768K, 77% used [0x00000000c3000000,0x00000000d3bf4320,0x00000000d8880000)
 PSPermGen       total 21504K, used 4737K [0x00000000b8a00000, 0x00000000b9f00000, 0x00000000c3000000)
  object space 21504K, 22% used [0x00000000b8a00000,0x00000000b8ea0528,0x00000000b9f00000)
}

Deoptimization events (0 events):
No events

Internal exceptions (10 events):
Event: 0.260 Thread 0x00007f8fd400a000 Threw 0x00000000ebe1d860 at /build/buildd/openjdk-7-7u55-2.4.7/build/openjdk/hotspot/src/share/vm/prims/jvm.cpp:1244
Event: 0.260 Thread 0x00007f8fd400a000 Threw 0x00000000ebe202d8 at /build/buildd/openjdk-7-7u55-2.4.7/build/openjdk/hotspot/src/share/vm/prims/jvm.cpp:1244
Event: 0.260 Thread 0x00007f8fd400a000 Threw 0x00000000ebe23458 at /build/buildd/openjdk-7-7u55-2.4.7/build/openjdk/hotspot/src/share/vm/prims/jvm.cpp:1244
Event: 0.260 Thread 0x00007f8fd400a000 Threw 0x00000000ebe25c28 at /build/buildd/openjdk-7-7u55-2.4.7/build/openjdk/hotspot/src/share/vm/prims/jvm.cpp:1244
Event: 0.261 Thread 0x00007f8fd400a000 Threw 0x00000000ebe29e28 at /build/buildd/openjdk-7-7u55-2.4.7/build/openjdk/hotspot/src/share/vm/prims/jvm.cpp:1244
Event: 0.261 Thread 0x00007f8fd400a000 Threw 0x00000000ebe2d7d8 at /build/buildd/openjdk-7-7u55-2.4.7/build/openjdk/hotspot/src/share/vm/prims/jvm.cpp:1244
Event: 0.261 Thread 0x00007f8fd400a000 Threw 0x00000000ebe30d38 at /build/buildd/openjdk-7-7u55-2.4.7/build/openjdk/hotspot/src/share/vm/prims/jvm.cpp:1244
Event: 0.261 Thread 0x00007f8fd400a000 Threw 0x00000000ebe34108 at /build/buildd/openjdk-7-7u55-2.4.7/build/openjdk/hotspot/src/share/vm/prims/jvm.cpp:1244
Event: 0.276 Thread 0x00007f8fd400a000 Threw 0x00000000ebe6b938 at /build/buildd/openjdk-7-7u55-2.4.7/build/openjdk/hotspot/src/share/vm/prims/jvm.cpp:1244
Event: 0.277 Thread 0x00007f8fd400a000 Threw 0x00000000ebe6e620 at /build/buildd/openjdk-7-7u55-2.4.7/build/openjdk/hotspot/src/share/vm/prims/jvm.cpp:1244

Events (10 events):
Event: 0.276 loading class 0x00007f8fd417c2e0 done
Event: 0.277 loading class 0x00007f8fd41a3980
Event: 0.277 loading class 0x00007f8fd41a3980 done
Event: 0.284 loading class 0x00007f8fd825b1d0
Event: 0.284 loading class 0x00007f8fd825b1d0 done
Event: 0.311 Executing VM operation: ParallelGCFailedAllocation
Event: 0.318 Executing VM operation: ParallelGCFailedAllocation done
Event: 1.014 Executing VM operation: ParallelGCFailedAllocation
Event: 3.205 Executing VM operation: ParallelGCFailedAllocation done
Event: 3.751 Executing VM operation: ParallelGCFailedAllocation


Dynamic libraries:
00400000-00401000 r-xp 00000000 08:01 2892251                            /usr/lib/jvm/java-7-openjdk-amd64/jre/bin/java
00600000-00601000 r--p 00000000 08:01 2892251                            /usr/lib/jvm/java-7-openjdk-amd64/jre/bin/java
00601000-00602000 rw-p 00001000 08:01 2892251                            /usr/lib/jvm/java-7-openjdk-amd64/jre/bin/java
00654000-00675000 rw-p 00000000 00:00 0                                  [heap]
b8a00000-b9f00000 rw-p 00000000 00:00 0 
b9f00000-c3000000 rw-p 00000000 00:00 0 
c3000000-d8880000 rw-p 00000000 00:00 0 
eba80000-f0c00000 rw-p 00000000 00:00 0 
f0c00000-100000000 rw-p 00000000 00:00 0 
7f8f98000000-7f8f98021000 rw-p 00000000 00:00 0 
7f8f98021000-7f8f9c000000 ---p 00000000 00:00 0 
7f8f9f71d000-7f8f9f984000 rw-p 00000000 00:00 0 
7f8f9f984000-7f8f9f9c1000 r-xp 00000000 08:01 135145                     /lib/x86_64-linux-gnu/libpcre.so.3.13.1
7f8f9f9c1000-7f8f9fbc0000 ---p 0003d000 08:01 135145                     /lib/x86_64-linux-gnu/libpcre.so.3.13.1
7f8f9fbc0000-7f8f9fbc1000 r--p 0003c000 08:01 135145                     /lib/x86_64-linux-gnu/libpcre.so.3.13.1
7f8f9fbc1000-7f8f9fbc2000 rw-p 0003d000 08:01 135145                     /lib/x86_64-linux-gnu/libpcre.so.3.13.1
7f8f9fbc2000-7f8f9fbd9000 r-xp 00000000 08:01 151282                     /lib/x86_64-linux-gnu/libresolv-2.19.so
7f8f9fbd9000-7f8f9fdd9000 ---p 00017000 08:01 151282                     /lib/x86_64-linux-gnu/libresolv-2.19.so
7f8f9fdd9000-7f8f9fdda000 r--p 00017000 08:01 151282                     /lib/x86_64-linux-gnu/libresolv-2.19.so
7f8f9fdda000-7f8f9fddb000 rw-p 00018000 08:01 151282                     /lib/x86_64-linux-gnu/libresolv-2.19.so
7f8f9fddb000-7f8f9fddd000 rw-p 00000000 00:00 0 
7f8f9fddd000-7f8f9fdfd000 r-xp 00000000 08:01 140478                     /lib/x86_64-linux-gnu/libselinux.so.1
7f8f9fdfd000-7f8f9fffc000 ---p 00020000 08:01 140478                     /lib/x86_64-linux-gnu/libselinux.so.1
7f8f9fffc000-7f8f9fffd000 r--p 0001f000 08:01 140478                     /lib/x86_64-linux-gnu/libselinux.so.1
7f8f9fffd000-7f8f9fffe000 rw-p 00020000 08:01 140478                     /lib/x86_64-linux-gnu/libselinux.so.1
7f8f9fffe000-7f8fa0000000 rw-p 00000000 00:00 0 
7f8fa0000000-7f8fa00b8000 rw-p 00000000 00:00 0 
7f8fa00b8000-7f8fa4000000 ---p 00000000 00:00 0 
7f8fa4000000-7f8fa4021000 rw-p 00000000 00:00 0 
7f8fa4021000-7f8fa8000000 ---p 00000000 00:00 0 
7f8fa8000000-7f8fa8021000 rw-p 00000000 00:00 0 
7f8fa8021000-7f8fac000000 ---p 00000000 00:00 0 
7f8fac000000-7f8fac141000 rw-p 00000000 00:00 0 
7f8fac141000-7f8fb0000000 ---p 00000000 00:00 0 
7f8fb0000000-7f8fb0021000 rw-p 00000000 00:00 0 
7f8fb0021000-7f8fb4000000 ---p 00000000 00:00 0 
7f8fb4000000-7f8fb4021000 rw-p 00000000 00:00 0 
7f8fb4021000-7f8fb8000000 ---p 00000000 00:00 0 
7f8fb8000000-7f8fb8537000 rw-p 00000000 00:00 0 
7f8fb8537000-7f8fbc000000 ---p 00000000 00:00 0 
7f8fbc000000-7f8fbc021000 rw-p 00000000 00:00 0 
7f8fbc021000-7f8fc0000000 ---p 00000000 00:00 0 
7f8fc0000000-7f8fc0515000 rw-p 00000000 00:00 0 
7f8fc0515000-7f8fc4000000 ---p 00000000 00:00 0 
7f8fc4000000-7f8fc4536000 rw-p 00000000 00:00 0 
7f8fc4536000-7f8fc8000000 ---p 00000000 00:00 0 
7f8fc8000000-7f8fc8550000 rw-p 00000000 00:00 0 
7f8fc8550000-7f8fcc000000 ---p 00000000 00:00 0 
7f8fcc00e000-7f8fcc015000 r-xp 00000000 08:01 2883689                    /usr/lib/x86_64-linux-gnu/libffi.so.6.0.1
7f8fcc015000-7f8fcc214000 ---p 00007000 08:01 2883689                    /usr/lib/x86_64-linux-gnu/libffi.so.6.0.1
7f8fcc214000-7f8fcc215000 r--p 00006000 08:01 2883689                    /usr/lib/x86_64-linux-gnu/libffi.so.6.0.1
7f8fcc215000-7f8fcc216000 rw-p 00007000 08:01 2883689                    /usr/lib/x86_64-linux-gnu/libffi.so.6.0.1
7f8fcc216000-7f8fcc219000 r-xp 00000000 08:01 2889900                    /usr/lib/x86_64-linux-gnu/libgmodule-2.0.so.0.4000.0
7f8fcc219000-7f8fcc418000 ---p 00003000 08:01 2889900                    /usr/lib/x86_64-linux-gnu/libgmodule-2.0.so.0.4000.0
7f8fcc418000-7f8fcc419000 r--p 00002000 08:01 2889900                    /usr/lib/x86_64-linux-gnu/libgmodule-2.0.so.0.4000.0
7f8fcc419000-7f8fcc41a000 rw-p 00003000 08:01 2889900                    /usr/lib/x86_64-linux-gnu/libgmodule-2.0.so.0.4000.0
7f8fcc41a000-7f8fcc520000 r-xp 00000000 08:01 135612                     /lib/x86_64-linux-gnu/libglib-2.0.so.0.4000.0
7f8fcc520000-7f8fcc71f000 ---p 00106000 08:01 135612                     /lib/x86_64-linux-gnu/libglib-2.0.so.0.4000.0
7f8fcc71f000-7f8fcc720000 r--p 00105000 08:01 135612                     /lib/x86_64-linux-gnu/libglib-2.0.so.0.4000.0
7f8fcc720000-7f8fcc721000 rw-p 00106000 08:01 135612                     /lib/x86_64-linux-gnu/libglib-2.0.so.0.4000.0
7f8fcc721000-7f8fcc722000 rw-p 00000000 00:00 0 
7f8fcc722000-7f8fcc771000 r-xp 00000000 08:01 2889897                    /usr/lib/x86_64-linux-gnu/libgobject-2.0.so.0.4000.0
7f8fcc771000-7f8fcc971000 ---p 0004f000 08:01 2889897                    /usr/lib/x86_64-linux-gnu/libgobject-2.0.so.0.4000.0
7f8fcc971000-7f8fcc972000 r--p 0004f000 08:01 2889897                    /usr/lib/x86_64-linux-gnu/libgobject-2.0.so.0.4000.0
7f8fcc972000-7f8fcc973000 rw-p 00050000 08:01 2889897                    /usr/lib/x86_64-linux-gnu/libgobject-2.0.so.0.4000.0
7f8fcc973000-7f8fccade000 r-xp 00000000 08:01 2889899                    /usr/lib/x86_64-linux-gnu/libgio-2.0.so.0.4000.0
7f8fccade000-7f8fcccde000 ---p 0016b000 08:01 2889899                    /usr/lib/x86_64-linux-gnu/libgio-2.0.so.0.4000.0
7f8fcccde000-7f8fccce2000 r--p 0016b000 08:01 2889899                    /usr/lib/x86_64-linux-gnu/libgio-2.0.so.0.4000.0
7f8fccce2000-7f8fccce4000 rw-p 0016f000 08:01 2889899                    /usr/lib/x86_64-linux-gnu/libgio-2.0.so.0.4000.0
7f8fccce4000-7f8fccce6000 rw-p 00000000 00:00 0 
7f8fccd05000-7f8fccd1b000 r-xp 00000000 08:01 2892486                    /usr/lib/jvm/java-7-openjdk-amd64/jre/lib/amd64/libnet.so
7f8fccd1b000-7f8fccf1b000 ---p 00016000 08:01 2892486                    /usr/lib/jvm/java-7-openjdk-amd64/jre/lib/amd64/libnet.so
7f8fccf1b000-7f8fccf1c000 r--p 00016000 08:01 2892486                    /usr/lib/jvm/java-7-openjdk-amd64/jre/lib/amd64/libnet.so
7f8fccf1c000-7f8fccf1d000 rw-p 00017000 08:01 2892486                    /usr/lib/jvm/java-7-openjdk-amd64/jre/lib/amd64/libnet.so
7f8fccf1d000-7f8fccf2d000 r-xp 00000000 08:01 2892499                    /usr/lib/jvm/java-7-openjdk-amd64/jre/lib/amd64/libnio.so
7f8fccf2d000-7f8fcd12d000 ---p 00010000 08:01 2892499                    /usr/lib/jvm/java-7-openjdk-amd64/jre/lib/amd64/libnio.so
7f8fcd12d000-7f8fcd12e000 r--p 00010000 08:01 2892499                    /usr/lib/jvm/java-7-openjdk-amd64/jre/lib/amd64/libnio.so
7f8fcd12e000-7f8fcd12f000 rw-p 00011000 08:01 2892499                    /usr/lib/jvm/java-7-openjdk-amd64/jre/lib/amd64/libnio.so
7f8fcd12f000-7f8fcd134000 r--s 0004c000 08:01 2892294                    /usr/lib/jvm/java-7-openjdk-amd64/jre/lib/jsse.jar
7f8fcd134000-7f8fcd143000 r--s 0007f000 08:01 2099469                    /home/bouwe/workspace/joda-time-2.3.jar
7f8fcd143000-7f8fcd144000 ---p 00000000 00:00 0 
7f8fcd144000-7f8fcd244000 rw-p 00000000 00:00 0                          [stack:10659]
7f8fcd244000-7f8fcd247000 ---p 00000000 00:00 0 
7f8fcd247000-7f8fcd345000 rw-p 00000000 00:00 0                          [stack:10658]
7f8fcd345000-7f8fcd348000 ---p 00000000 00:00 0 
7f8fcd348000-7f8fcd446000 rw-p 00000000 00:00 0                          [stack:10657]
7f8fcd446000-7f8fcd449000 ---p 00000000 00:00 0 
7f8fcd449000-7f8fcd547000 rw-p 00000000 00:00 0                          [stack:10656]
7f8fcd547000-7f8fcd54a000 ---p 00000000 00:00 0 
7f8fcd54a000-7f8fcd648000 rw-p 00000000 00:00 0                          [stack:10655]
7f8fcd648000-7f8fcd950000 r--p 00000000 08:01 2883810                    /usr/lib/locale/locale-archive
7f8fcd950000-7f8fcd953000 ---p 00000000 00:00 0 
7f8fcd953000-7f8fcda51000 rw-p 00000000 00:00 0                          [stack:10654]
7f8fcda51000-7f8fcda54000 ---p 00000000 00:00 0 
7f8fcda54000-7f8fcdb52000 rw-p 00000000 00:00 0                          [stack:10653]
7f8fcdb52000-7f8fcdb53000 ---p 00000000 00:00 0 
7f8fcdb53000-7f8fd1000000 rw-p 00000000 00:00 0                          [stack:10652]
7f8fd1000000-7f8fd1270000 rwxp 00000000 00:00 0 
7f8fd1270000-7f8fd41ae000 rw-p 00000000 00:00 0 
7f8fd41ae000-7f8fd8000000 ---p 00000000 00:00 0 
7f8fd8003000-7f8fd81b1000 r--s 01cfc000 08:01 2892263                    /usr/lib/jvm/java-7-openjdk-amd64/jre/lib/rt.jar
7f8fd81b1000-7f8fd84e5000 rw-p 00000000 00:00 0 
7f8fd84e5000-7f8fd84e6000 ---p 00000000 00:00 0 
7f8fd84e6000-7f8fd85e6000 rw-p 00000000 00:00 0                          [stack:10648]
7f8fd85e6000-7f8fd85e7000 ---p 00000000 00:00 0 
7f8fd85e7000-7f8fd86e7000 rw-p 00000000 00:00 0                          [stack:10647]
7f8fd86e7000-7f8fd86e8000 ---p 00000000 00:00 0 
7f8fd86e8000-7f8fd87e8000 rw-p 00000000 00:00 0                          [stack:10646]
7f8fd87e8000-7f8fd87e9000 ---p 00000000 00:00 0 
7f8fd87e9000-7f8fd88f4000 rw-p 00000000 00:00 0                          [stack:10645]
7f8fd88f4000-7f8fd893c000 rw-p 00000000 00:00 0 
7f8fd893c000-7f8fd89e9000 rw-p 00000000 00:00 0 
7f8fd89e9000-7f8fd8a82000 ---p 00000000 00:00 0 
7f8fd8a82000-7f8fd8a8d000 rw-p 00000000 00:00 0 
7f8fd8a8d000-7f8fd8ad5000 rw-p 00000000 00:00 0 
7f8fd8ad5000-7f8fd8b82000 rw-p 00000000 00:00 0 
7f8fd8b82000-7f8fd8c1a000 ---p 00000000 00:00 0 
7f8fd8c1a000-7f8fd8c43000 rw-p 00000000 00:00 0 
7f8fd8c43000-7f8fd8cbd000 rw-p 00000000 00:00 0 
7f8fd8cbd000-7f8fd8cbe000 rw-p 00000000 00:00 0 
7f8fd8cbe000-7f8fd8cc6000 r-xp 00000000 08:01 2892481                    /usr/lib/jvm/java-7-openjdk-amd64/jre/lib/amd64/libzip.so
7f8fd8cc6000-7f8fd8ec5000 ---p 00008000 08:01 2892481                    /usr/lib/jvm/java-7-openjdk-amd64/jre/lib/amd64/libzip.so
7f8fd8ec5000-7f8fd8ec6000 r--p 00007000 08:01 2892481                    /usr/lib/jvm/java-7-openjdk-amd64/jre/lib/amd64/libzip.so
7f8fd8ec6000-7f8fd8ec7000 rw-p 00008000 08:01 2892481                    /usr/lib/jvm/java-7-openjdk-amd64/jre/lib/amd64/libzip.so
7f8fd8ec7000-7f8fd8ed2000 r-xp 00000000 08:01 151269                     /lib/x86_64-linux-gnu/libnss_files-2.19.so
7f8fd8ed2000-7f8fd90d1000 ---p 0000b000 08:01 151269                     /lib/x86_64-linux-gnu/libnss_files-2.19.so
7f8fd90d1000-7f8fd90d2000 r--p 0000a000 08:01 151269                     /lib/x86_64-linux-gnu/libnss_files-2.19.so
7f8fd90d2000-7f8fd90d3000 rw-p 0000b000 08:01 151269                     /lib/x86_64-linux-gnu/libnss_files-2.19.so
7f8fd90d3000-7f8fd90de000 r-xp 00000000 08:01 151276                     /lib/x86_64-linux-gnu/libnss_nis-2.19.so
7f8fd90de000-7f8fd92dd000 ---p 0000b000 08:01 151276                     /lib/x86_64-linux-gnu/libnss_nis-2.19.so
7f8fd92dd000-7f8fd92de000 r--p 0000a000 08:01 151276                     /lib/x86_64-linux-gnu/libnss_nis-2.19.so
7f8fd92de000-7f8fd92df000 rw-p 0000b000 08:01 151276                     /lib/x86_64-linux-gnu/libnss_nis-2.19.so
7f8fd92df000-7f8fd92f6000 r-xp 00000000 08:01 151273                     /lib/x86_64-linux-gnu/libnsl-2.19.so
7f8fd92f6000-7f8fd94f5000 ---p 00017000 08:01 151273                     /lib/x86_64-linux-gnu/libnsl-2.19.so
7f8fd94f5000-7f8fd94f6000 r--p 00016000 08:01 151273                     /lib/x86_64-linux-gnu/libnsl-2.19.so
7f8fd94f6000-7f8fd94f7000 rw-p 00017000 08:01 151273                     /lib/x86_64-linux-gnu/libnsl-2.19.so
7f8fd94f7000-7f8fd94f9000 rw-p 00000000 00:00 0 
7f8fd94f9000-7f8fd9502000 r-xp 00000000 08:01 151277                     /lib/x86_64-linux-gnu/libnss_compat-2.19.so
7f8fd9502000-7f8fd9701000 ---p 00009000 08:01 151277                     /lib/x86_64-linux-gnu/libnss_compat-2.19.so
7f8fd9701000-7f8fd9702000 r--p 00008000 08:01 151277                     /lib/x86_64-linux-gnu/libnss_compat-2.19.so
7f8fd9702000-7f8fd9703000 rw-p 00009000 08:01 151277                     /lib/x86_64-linux-gnu/libnss_compat-2.19.so
7f8fd9703000-7f8fd972e000 r-xp 00000000 08:01 2892403                    /usr/lib/jvm/java-7-openjdk-amd64/jre/lib/amd64/libjava.so
7f8fd972e000-7f8fd992d000 ---p 0002b000 08:01 2892403                    /usr/lib/jvm/java-7-openjdk-amd64/jre/lib/amd64/libjava.so
7f8fd992d000-7f8fd992e000 r--p 0002a000 08:01 2892403                    /usr/lib/jvm/java-7-openjdk-amd64/jre/lib/amd64/libjava.so
7f8fd992e000-7f8fd9930000 rw-p 0002b000 08:01 2892403                    /usr/lib/jvm/java-7-openjdk-amd64/jre/lib/amd64/libjava.so
7f8fd9930000-7f8fd9940000 r-xp 00000000 08:01 2912707                    /usr/lib/jvm/java-7-openjdk-amd64/jre/lib/amd64/libverify.so
7f8fd9940000-7f8fd9b3f000 ---p 00010000 08:01 2912707                    /usr/lib/jvm/java-7-openjdk-amd64/jre/lib/amd64/libverify.so
7f8fd9b3f000-7f8fd9b41000 r--p 0000f000 08:01 2912707                    /usr/lib/jvm/java-7-openjdk-amd64/jre/lib/amd64/libverify.so
7f8fd9b41000-7f8fd9b42000 rw-p 00011000 08:01 2912707                    /usr/lib/jvm/java-7-openjdk-amd64/jre/lib/amd64/libverify.so
7f8fd9b42000-7f8fd9b49000 r-xp 00000000 08:01 151284                     /lib/x86_64-linux-gnu/librt-2.19.so
7f8fd9b49000-7f8fd9d48000 ---p 00007000 08:01 151284                     /lib/x86_64-linux-gnu/librt-2.19.so
7f8fd9d48000-7f8fd9d49000 r--p 00006000 08:01 151284                     /lib/x86_64-linux-gnu/librt-2.19.so
7f8fd9d49000-7f8fd9d4a000 rw-p 00007000 08:01 151284                     /lib/x86_64-linux-gnu/librt-2.19.so
7f8fd9d4a000-7f8fd9d60000 r-xp 00000000 08:01 135143                     /lib/x86_64-linux-gnu/libgcc_s.so.1
7f8fd9d60000-7f8fd9f5f000 ---p 00016000 08:01 135143                     /lib/x86_64-linux-gnu/libgcc_s.so.1
7f8fd9f5f000-7f8fd9f60000 rw-p 00015000 08:01 135143                     /lib/x86_64-linux-gnu/libgcc_s.so.1
7f8fd9f60000-7f8fda065000 r-xp 00000000 08:01 151270                     /lib/x86_64-linux-gnu/libm-2.19.so
7f8fda065000-7f8fda264000 ---p 00105000 08:01 151270                     /lib/x86_64-linux-gnu/libm-2.19.so
7f8fda264000-7f8fda265000 r--p 00104000 08:01 151270                     /lib/x86_64-linux-gnu/libm-2.19.so
7f8fda265000-7f8fda266000 rw-p 00105000 08:01 151270                     /lib/x86_64-linux-gnu/libm-2.19.so
7f8fda266000-7f8fda34c000 r-xp 00000000 08:01 2886201                    /usr/lib/x86_64-linux-gnu/libstdc++.so.6.0.19
7f8fda34c000-7f8fda54b000 ---p 000e6000 08:01 2886201                    /usr/lib/x86_64-linux-gnu/libstdc++.so.6.0.19
7f8fda54b000-7f8fda553000 r--p 000e5000 08:01 2886201                    /usr/lib/x86_64-linux-gnu/libstdc++.so.6.0.19
7f8fda553000-7f8fda555000 rw-p 000ed000 08:01 2886201                    /usr/lib/x86_64-linux-gnu/libstdc++.so.6.0.19
7f8fda555000-7f8fda56a000 rw-p 00000000 00:00 0 
7f8fda56a000-7f8fdb04b000 r-xp 00000000 08:01 2892491                    /usr/lib/jvm/java-7-openjdk-amd64/jre/lib/amd64/server/libjvm.so
7f8fdb04b000-7f8fdb24a000 ---p 00ae1000 08:01 2892491                    /usr/lib/jvm/java-7-openjdk-amd64/jre/lib/amd64/server/libjvm.so
7f8fdb24a000-7f8fdb2dc000 r--p 00ae0000 08:01 2892491                    /usr/lib/jvm/java-7-openjdk-amd64/jre/lib/amd64/server/libjvm.so
7f8fdb2dc000-7f8fdb2ff000 rw-p 00b72000 08:01 2892491                    /usr/lib/jvm/java-7-openjdk-amd64/jre/lib/amd64/server/libjvm.so
7f8fdb2ff000-7f8fdb32c000 rw-p 00000000 00:00 0 
7f8fdb32c000-7f8fdb344000 r-xp 00000000 08:01 135324                     /lib/x86_64-linux-gnu/libz.so.1.2.8
7f8fdb344000-7f8fdb543000 ---p 00018000 08:01 135324                     /lib/x86_64-linux-gnu/libz.so.1.2.8
7f8fdb543000-7f8fdb544000 r--p 00017000 08:01 135324                     /lib/x86_64-linux-gnu/libz.so.1.2.8
7f8fdb544000-7f8fdb545000 rw-p 00018000 08:01 135324                     /lib/x86_64-linux-gnu/libz.so.1.2.8
7f8fdb545000-7f8fdb55e000 r-xp 00000000 08:01 151283                     /lib/x86_64-linux-gnu/libpthread-2.19.so
7f8fdb55e000-7f8fdb75d000 ---p 00019000 08:01 151283                     /lib/x86_64-linux-gnu/libpthread-2.19.so
7f8fdb75d000-7f8fdb75e000 r--p 00018000 08:01 151283                     /lib/x86_64-linux-gnu/libpthread-2.19.so
7f8fdb75e000-7f8fdb75f000 rw-p 00019000 08:01 151283                     /lib/x86_64-linux-gnu/libpthread-2.19.so
7f8fdb75f000-7f8fdb763000 rw-p 00000000 00:00 0 
7f8fdb763000-7f8fdb766000 r-xp 00000000 08:01 151280                     /lib/x86_64-linux-gnu/libdl-2.19.so
7f8fdb766000-7f8fdb965000 ---p 00003000 08:01 151280                     /lib/x86_64-linux-gnu/libdl-2.19.so
7f8fdb965000-7f8fdb966000 r--p 00002000 08:01 151280                     /lib/x86_64-linux-gnu/libdl-2.19.so
7f8fdb966000-7f8fdb967000 rw-p 00003000 08:01 151280                     /lib/x86_64-linux-gnu/libdl-2.19.so
7f8fdb967000-7f8fdbb23000 r-xp 00000000 08:01 151267                     /lib/x86_64-linux-gnu/libc-2.19.so
7f8fdbb23000-7f8fdbd22000 ---p 001bc000 08:01 151267                     /lib/x86_64-linux-gnu/libc-2.19.so
7f8fdbd22000-7f8fdbd26000 r--p 001bb000 08:01 151267                     /lib/x86_64-linux-gnu/libc-2.19.so
7f8fdbd26000-7f8fdbd28000 rw-p 001bf000 08:01 151267                     /lib/x86_64-linux-gnu/libc-2.19.so
7f8fdbd28000-7f8fdbd2d000 rw-p 00000000 00:00 0 
7f8fdbd2d000-7f8fdbd3a000 r-xp 00000000 08:01 2912699                    /usr/lib/jvm/java-7-openjdk-amd64/jre/lib/amd64/jli/libjli.so
7f8fdbd3a000-7f8fdbf39000 ---p 0000d000 08:01 2912699                    /usr/lib/jvm/java-7-openjdk-amd64/jre/lib/amd64/jli/libjli.so
7f8fdbf39000-7f8fdbf3a000 r--p 0000c000 08:01 2912699                    /usr/lib/jvm/java-7-openjdk-amd64/jre/lib/amd64/jli/libjli.so
7f8fdbf3a000-7f8fdbf3b000 rw-p 0000d000 08:01 2912699                    /usr/lib/jvm/java-7-openjdk-amd64/jre/lib/amd64/jli/libjli.so
7f8fdbf3b000-7f8fdbf5e000 r-xp 00000000 08:01 149721                     /lib/x86_64-linux-gnu/ld-2.19.so
7f8fdbf5f000-7f8fdbf80000 rw-p 00000000 00:00 0 
7f8fdbf80000-7f8fdc036000 rw-p 00000000 00:00 0 
7f8fdc036000-7f8fdc039000 ---p 00000000 00:00 0 
7f8fdc039000-7f8fdc13c000 rw-p 00000000 00:00 0                          [stack:10644]
7f8fdc13d000-7f8fdc13e000 rw-p 00000000 00:00 0 
7f8fdc13e000-7f8fdc140000 r--s 00006000 08:01 3280663                    /usr/share/java/java-atk-wrapper.jar
7f8fdc140000-7f8fdc144000 r--s 00085000 08:01 2892273                    /usr/lib/jvm/java-7-openjdk-amd64/jre/lib/ext/localedata.jar
7f8fdc144000-7f8fdc147000 r--s 00032000 08:01 2892271                    /usr/lib/jvm/java-7-openjdk-amd64/jre/lib/ext/sunjce_provider.jar
7f8fdc147000-7f8fdc148000 r--s 00002000 08:01 2892276                    /usr/lib/jvm/java-7-openjdk-amd64/jre/lib/ext/dnsns.jar
7f8fdc148000-7f8fdc14b000 r--s 0000f000 08:01 2892268                    /usr/lib/jvm/java-7-openjdk-amd64/jre/lib/ext/pulse-java.jar
7f8fdc14b000-7f8fdc14d000 r--s 00012000 08:01 2892269                    /usr/lib/jvm/java-7-openjdk-amd64/jre/lib/ext/zipfs.jar
7f8fdc14d000-7f8fdc151000 r--s 0003b000 08:01 2892274                    /usr/lib/jvm/java-7-openjdk-amd64/jre/lib/ext/sunpkcs11.jar
7f8fdc151000-7f8fdc159000 rw-s 00000000 08:01 1182274                    /tmp/hsperfdata_bouwe/10642
7f8fdc159000-7f8fdc15a000 rw-p 00000000 00:00 0 
7f8fdc15a000-7f8fdc15b000 ---p 00000000 00:00 0 
7f8fdc15b000-7f8fdc15d000 rw-p 00000000 00:00 0 
7f8fdc15d000-7f8fdc15e000 r--p 00022000 08:01 149721                     /lib/x86_64-linux-gnu/ld-2.19.so
7f8fdc15e000-7f8fdc15f000 rw-p 00023000 08:01 149721                     /lib/x86_64-linux-gnu/ld-2.19.so
7f8fdc15f000-7f8fdc160000 rw-p 00000000 00:00 0 
7fffc6ff0000-7fffc7011000 rw-p 00000000 00:00 0                          [stack]
7fffc7184000-7fffc7186000 r-xp 00000000 00:00 0                          [vdso]
ffffffffff600000-ffffffffff601000 r-xp 00000000 00:00 0                  [vsyscall]

VM Arguments:
jvm_args: -Dfile.encoding=UTF-8 
java_command: control.Main
Launcher Type: SUN_STANDARD

Environment Variables:
PATH=/usr/local/sbin:/usr/local/bin:/usr/sbin:/usr/bin:/sbin:/bin:/usr/games:/usr/local/games
SHELL=/bin/bash
DISPLAY=:0

Signal Handlers:
SIGSEGV: [libjvm.so+0x918620], sa_mask[0]=0x7ffbfeff, sa_flags=0x10000004
SIGBUS: [libjvm.so+0x918620], sa_mask[0]=0x7ffbfeff, sa_flags=0x10000004
SIGFPE: [libjvm.so+0x795e30], sa_mask[0]=0x7ffbfeff, sa_flags=0x10000004
SIGPIPE: [libjvm.so+0x795e30], sa_mask[0]=0x7ffbfeff, sa_flags=0x10000004
SIGXFSZ: [libjvm.so+0x795e30], sa_mask[0]=0x7ffbfeff, sa_flags=0x10000004
SIGILL: [libjvm.so+0x795e30], sa_mask[0]=0x7ffbfeff, sa_flags=0x10000004
SIGUSR1: SIG_DFL, sa_mask[0]=0x00000000, sa_flags=0x00000000
SIGUSR2: [libjvm.so+0x795cd0], sa_mask[0]=0x00000004, sa_flags=0x10000004
SIGHUP: [libjvm.so+0x795eb0], sa_mask[0]=0x7ffbfeff, sa_flags=0x10000004
SIGINT: [libjvm.so+0x795eb0], sa_mask[0]=0x7ffbfeff, sa_flags=0x10000004
SIGTERM: [libjvm.so+0x795eb0], sa_mask[0]=0x7ffbfeff, sa_flags=0x10000004
SIGQUIT: [libjvm.so+0x795eb0], sa_mask[0]=0x7ffbfeff, sa_flags=0x10000004


---------------  S Y S T E M  ---------------

OS:Ubuntu 14.04 (trusty)
uname:Linux 3.14.0-031400-generic #201403310035 SMP Mon Mar 31 04:36:23 UTC 2014 x86_64
libc:glibc 2.19 NPTL 2.19 
rlimit: STACK 8192k, CORE 0k, NPROC 31040, NOFILE 4096, AS infinity
load average:0.64 0.43 0.37

/proc/meminfo:
MemTotal:        3993640 kB
MemFree:          294752 kB
MemAvailable:     265784 kB
Buffers:            2380 kB
Cached:           424536 kB
SwapCached:            0 kB
Active:          3095508 kB
Inactive:         373552 kB
Active(anon):    3060512 kB
Inactive(anon):   327960 kB
Active(file):      34996 kB
Inactive(file):    45592 kB
Unevictable:          64 kB
Mlocked:              64 kB
SwapTotal:             0 kB
SwapFree:              0 kB
Dirty:               184 kB
Writeback:             0 kB
AnonPages:       3042576 kB
Mapped:           156444 kB
Shmem:            345960 kB
Slab:              72172 kB
SReclaimable:      30416 kB
SUnreclaim:        41756 kB
KernelStack:        7192 kB
PageTables:        56780 kB
NFS_Unstable:          0 kB
Bounce:                0 kB
WritebackTmp:          0 kB
CommitLimit:     1996820 kB
Committed_AS:    7877792 kB
VmallocTotal:   34359738367 kB
VmallocUsed:      556236 kB
VmallocChunk:   34359172092 kB
HardwareCorrupted:     0 kB
AnonHugePages:   1449984 kB
HugePages_Total:       0
HugePages_Free:        0
HugePages_Rsvd:        0
HugePages_Surp:        0
Hugepagesize:       2048 kB
DirectMap4k:      190720 kB
DirectMap2M:     3950592 kB


CPU:total 4 (2 cores per cpu, 2 threads per core) family 6 model 42 stepping 7, cmov, cx8, fxsr, mmx, sse, sse2, sse3, ssse3, sse4.1, sse4.2, popcnt, avx, aes, ht, tsc, tscinvbit

/proc/cpuinfo:
processor	: 0
vendor_id	: GenuineIntel
cpu family	: 6
model		: 42
model name	: Intel(R) Core(TM) i5-2450M CPU @ 2.50GHz
stepping	: 7
microcode	: 0x23
cpu MHz		: 2134.375
cache size	: 3072 KB
physical id	: 0
siblings	: 4
core id		: 0
cpu cores	: 2
apicid		: 0
initial apicid	: 0
fpu		: yes
fpu_exception	: yes
cpuid level	: 13
wp		: yes
flags		: fpu vme de pse tsc msr pae mce cx8 apic sep mtrr pge mca cmov pat pse36 clflush dts acpi mmx fxsr sse sse2 ss ht tm pbe syscall nx rdtscp lm constant_tsc arch_perfmon pebs bts rep_good nopl xtopology nonstop_tsc aperfmperf eagerfpu pni pclmulqdq dtes64 monitor ds_cpl vmx est tm2 ssse3 cx16 xtpr pdcm pcid sse4_1 sse4_2 x2apic popcnt tsc_deadline_timer aes xsave avx lahf_lm ida arat epb xsaveopt pln pts dtherm tpr_shadow vnmi flexpriority ept vpid
bogomips	: 4988.78
clflush size	: 64
cache_alignment	: 64
address sizes	: 36 bits physical, 48 bits virtual
power management:

processor	: 1
vendor_id	: GenuineIntel
cpu family	: 6
model		: 42
model name	: Intel(R) Core(TM) i5-2450M CPU @ 2.50GHz
stepping	: 7
microcode	: 0x23
cpu MHz		: 2603.125
cache size	: 3072 KB
physical id	: 0
siblings	: 4
core id		: 0
cpu cores	: 2
apicid		: 1
initial apicid	: 1
fpu		: yes
fpu_exception	: yes
cpuid level	: 13
wp		: yes
flags		: fpu vme de pse tsc msr pae mce cx8 apic sep mtrr pge mca cmov pat pse36 clflush dts acpi mmx fxsr sse sse2 ss ht tm pbe syscall nx rdtscp lm constant_tsc arch_perfmon pebs bts rep_good nopl xtopology nonstop_tsc aperfmperf eagerfpu pni pclmulqdq dtes64 monitor ds_cpl vmx est tm2 ssse3 cx16 xtpr pdcm pcid sse4_1 sse4_2 x2apic popcnt tsc_deadline_timer aes xsave avx lahf_lm ida arat epb xsaveopt pln pts dtherm tpr_shadow vnmi flexpriority ept vpid
bogomips	: 4988.78
clflush size	: 64
cache_alignment	: 64
address sizes	: 36 bits physical, 48 bits virtual
power management:

processor	: 2
vendor_id	: GenuineIntel
cpu family	: 6
model		: 42
model name	: Intel(R) Core(TM) i5-2450M CPU @ 2.50GHz
stepping	: 7
microcode	: 0x23
cpu MHz		: 2095.312
cache size	: 3072 KB
physical id	: 0
siblings	: 4
core id		: 1
cpu cores	: 2
apicid		: 2
initial apicid	: 2
fpu		: yes
fpu_exception	: yes
cpuid level	: 13
wp		: yes
flags		: fpu vme de pse tsc msr pae mce cx8 apic sep mtrr pge mca cmov pat pse36 clflush dts acpi mmx fxsr sse sse2 ss ht tm pbe syscall nx rdtscp lm constant_tsc arch_perfmon pebs bts rep_good nopl xtopology nonstop_tsc aperfmperf eagerfpu pni pclmulqdq dtes64 monitor ds_cpl vmx est tm2 ssse3 cx16 xtpr pdcm pcid sse4_1 sse4_2 x2apic popcnt tsc_deadline_timer aes xsave avx lahf_lm ida arat epb xsaveopt pln pts dtherm tpr_shadow vnmi flexpriority ept vpid
bogomips	: 4988.78
clflush size	: 64
cache_alignment	: 64
address sizes	: 36 bits physical, 48 bits virtual
power management:

processor	: 3
vendor_id	: GenuineIntel
cpu family	: 6
model		: 42
model name	: Intel(R) Core(TM) i5-2450M CPU @ 2.50GHz
stepping	: 7
microcode	: 0x23
cpu MHz		: 2485.937
cache size	: 3072 KB
physical id	: 0
siblings	: 4
core id		: 1
cpu cores	: 2
apicid		: 3
initial apicid	: 3
fpu		: yes
fpu_exception	: yes
cpuid level	: 13
wp		: yes
flags		: fpu vme de pse tsc msr pae mce cx8 apic sep mtrr pge mca cmov pat pse36 clflush dts acpi mmx fxsr sse sse2 ss ht tm pbe syscall nx rdtscp lm constant_tsc arch_perfmon pebs bts rep_good nopl xtopology nonstop_tsc aperfmperf eagerfpu pni pclmulqdq dtes64 monitor ds_cpl vmx est tm2 ssse3 cx16 xtpr pdcm pcid sse4_1 sse4_2 x2apic popcnt tsc_deadline_timer aes xsave avx lahf_lm ida arat epb xsaveopt pln pts dtherm tpr_shadow vnmi flexpriority ept vpid
bogomips	: 4988.78
clflush size	: 64
cache_alignment	: 64
address sizes	: 36 bits physical, 48 bits virtual
power management:



Memory: 4k page, physical 3993640k(294752k free), swap 0k(0k free)

vm_info: OpenJDK 64-Bit Server VM (24.51-b03) for linux-amd64 JRE (1.7.0_55-b14), built on Apr 17 2014 20:08:07 by "buildd" with gcc 4.8.2

time: Thu May 15 21:06:21 2014
elapsed time: 9 seconds

