#
# There is insufficient memory for the Java Runtime Environment to continue.
# Native memory allocation (malloc) failed to allocate 83886080 bytes for committing reserved memory.
# Possible reasons:
#   The system is out of physical RAM or swap space
#   In 32 bit mode, the process size limit was hit
# Possible solutions:
#   Reduce memory load on the system
#   Increase physical memory or swap space
#   Check if swap backing store is full
#   Use 64 bit Java on a 64 bit OS
#   Decrease Java heap size (-Xmx/-Xms)
#   Decrease number of Java threads
#   Decrease Java thread stack sizes (-Xss)
#   Set larger code cache with -XX:ReservedCodeCacheSize=
# This output file may be truncated or incomplete.
#
#  Out of Memory Error (os_linux.cpp:2769), pid=28762, tid=140034535786240
#
# JRE version: OpenJDK Runtime Environment (7.0_55-b14) (build 1.7.0_55-b14)
# Java VM: OpenJDK 64-Bit Server VM (24.51-b03 mixed mode linux-amd64 compressed oops)
# Failed to write core dump. Core dumps have been disabled. To enable core dumping, try "ulimit -c unlimited" before starting Java again
#

---------------  T H R E A D  ---------------

Current thread (0x00007f5c60075800):  VMThread [stack: 0x00007f5c54b30000,0x00007f5c54c31000] [id=28775]

Stack: [0x00007f5c54b30000,0x00007f5c54c31000],  sp=0x00007f5c54c2f480,  free space=1021k
Native frames: (J=compiled Java code, j=interpreted, Vv=VM code, C=native code)
V  [libjvm.so+0x917b35]  VMError::report_and_die()+0x175
V  [libjvm.so+0x468144]  report_vm_out_of_memory(char const*, int, unsigned long, char const*)+0x74
V  [libjvm.so+0x79a81b]  os::pd_commit_memory(char*, unsigned long, unsigned long, bool)+0x20b
V  [libjvm.so+0x7950df]  os::commit_memory(char*, unsigned long, unsigned long, bool)+0x1f
V  [libjvm.so+0x8053cb]  PSVirtualSpace::expand_by(unsigned long)+0x5b
V  [libjvm.so+0x806220]  PSYoungGen::resize_generation(unsigned long, unsigned long)+0xb0
V  [libjvm.so+0x80690b]  PSYoungGen::resize(unsigned long, unsigned long)+0x1b
V  [libjvm.so+0x802bff]  PSScavenge::invoke_no_policy()+0xd6f
V  [libjvm.so+0x8033c8]  PSScavenge::invoke()+0x38
V  [libjvm.so+0x7b9b33]  ParallelScavengeHeap::failed_mem_allocate(unsigned long)+0x63
V  [libjvm.so+0x919544]  VM_ParallelGCFailedAllocation::doit()+0x84
V  [libjvm.so+0x91d9e7]  VM_Operation::evaluate()+0x47
V  [libjvm.so+0x91c3b8]  VMThread::evaluate_operation(VM_Operation*)+0x318
V  [libjvm.so+0x91c819]  VMThread::loop()+0x219
V  [libjvm.so+0x91cc62]  VMThread::run()+0x72
V  [libjvm.so+0x7974e2]  java_start(Thread*)+0xf2

VM_Operation (0x00007f5c6707f230): ParallelGCFailedAllocation, mode: safepoint, requested by thread 0x00007f5c6000a800


---------------  P R O C E S S  ---------------

Java Threads: ( => current thread )
  0x00007f5c600a6800 JavaThread "Service Thread" daemon [_thread_blocked, id=28781, stack(0x00007f5c54222000,0x00007f5c54323000)]
  0x00007f5c600a4800 JavaThread "C2 CompilerThread1" daemon [_thread_blocked, id=28780, stack(0x00007f5c54323000,0x00007f5c54424000)]
  0x00007f5c600a1800 JavaThread "C2 CompilerThread0" daemon [_thread_blocked, id=28779, stack(0x00007f5c54424000,0x00007f5c54525000)]
  0x00007f5c6009f000 JavaThread "Signal Dispatcher" daemon [_thread_blocked, id=28778, stack(0x00007f5c54525000,0x00007f5c54626000)]
  0x00007f5c6007c000 JavaThread "Finalizer" daemon [_thread_blocked, id=28777, stack(0x00007f5c5492e000,0x00007f5c54a2f000)]
  0x00007f5c6007a000 JavaThread "Reference Handler" daemon [_thread_blocked, id=28776, stack(0x00007f5c54a2f000,0x00007f5c54b30000)]
  0x00007f5c6000a800 JavaThread "main" [_thread_blocked, id=28769, stack(0x00007f5c6702e000,0x00007f5c6712f000)]

Other Threads:
=>0x00007f5c60075800 VMThread [stack: 0x00007f5c54b30000,0x00007f5c54c31000] [id=28775]
  0x00007f5c600b1000 WatcherThread [stack: 0x00007f5c54121000,0x00007f5c54222000] [id=28782]

VM state:at safepoint (normal execution)

VM Mutex/Monitor currently owned by a thread:  ([mutex/lock_event])
[0x00007f5c60006a00] Threads_lock - owner thread: 0x00007f5c60075800
[0x00007f5c60006f00] Heap_lock - owner thread: 0x00007f5c6000a800

Heap
 PSYoungGen      total 76800K, used 14848K [0x00000000eba80000, 0x00000000f1580000, 0x0000000100000000)
  eden space 61952K, 0% used [0x00000000eba80000,0x00000000eba80000,0x00000000ef700000)
  from space 14848K, 100% used [0x00000000ef700000,0x00000000f0580000,0x00000000f0580000)
  to   space 13312K, 0% used [0x00000000f0580000,0x00000000f0580000,0x00000000f1280000)
 ParOldGen       total 41472K, used 36399K [0x00000000c3000000, 0x00000000c5880000, 0x00000000eba80000)
  object space 41472K, 87% used [0x00000000c3000000,0x00000000c538be80,0x00000000c5880000)
 PSPermGen       total 21504K, used 5932K [0x00000000b8a00000, 0x00000000b9f00000, 0x00000000c3000000)
  object space 21504K, 27% used [0x00000000b8a00000,0x00000000b8fcb3d8,0x00000000b9f00000)

Card table byte_map: [0x00007f5c5c9af000,0x00007f5c5cbeb000] byte_map_base: 0x00007f5c5c3ea000

Polling page: 0x00007f5c67152000

Code Cache  [0x00007f5c5cbeb000, 0x00007f5c5ce5b000, 0x00007f5c5fbeb000)
 total_blobs=336 nmethods=90 adapters=199 free_code_cache=48477Kb largest_free_block=49575744

Compilation events (10 events):
Event: 5.743 Thread 0x00007f5c600a1800 nmethod 83 0x00007f5c5cc62090 code [0x00007f5c5cc621e0, 0x00007f5c5cc624b8]
Event: 5.743 Thread 0x00007f5c600a1800   84             businessmodel.category.VehicleModelSpecification::checkVehicleModel (149 bytes)
Event: 5.924 Thread 0x00007f5c600a1800 nmethod 84 0x00007f5c5cc78e10 code [0x00007f5c5cc790e0, 0x00007f5c5cc7a5a0]
Event: 5.924 Thread 0x00007f5c600a1800   85             businessmodel.category.ModelCFactory::createModel (346 bytes)
Event: 6.097 Thread 0x00007f5c600a4800 nmethod 78 0x00007f5c5cc8d890 code [0x00007f5c5cc8e240, 0x00007f5c5cc934f8]
Event: 6.097 Thread 0x00007f5c600a4800   86             businessmodel.category.ModelXFactory::createModel (307 bytes)
Event: 8.718 Thread 0x00007f5c600a4800 nmethod 86 0x00007f5c5cc99150 code [0x00007f5c5cc99960, 0x00007f5c5cc9e128]
Event: 8.718 Thread 0x00007f5c600a4800   87             org.joda.time.base.AbstractPeriod::<init> (5 bytes)
Event: 8.720 Thread 0x00007f5c600a4800 nmethod 87 0x00007f5c5cc61e90 code [0x00007f5c5cc61fc0, 0x00007f5c5cc62018]
Event: 8.720 Thread 0x00007f5c600a4800   88             businessmodel.category.ModelYFactory::createModel (307 bytes)

GC Heap History (10 events):
Event: 3.786 GC heap after
Heap after GC invocations=2 (full 0):
 PSYoungGen      total 18432K, used 2528K [0x00000000eba80000, 0x00000000ede80000, 0x0000000100000000)
  eden space 15872K, 0% used [0x00000000eba80000,0x00000000eba80000,0x00000000eca00000)
  from space 2560K, 98% used [0x00000000ecc80000,0x00000000ecef8020,0x00000000ecf00000)
  to   space 2560K, 0% used [0x00000000eca00000,0x00000000eca00000,0x00000000ecc80000)
 ParOldGen       total 41472K, used 2672K [0x00000000c3000000, 0x00000000c5880000, 0x00000000eba80000)
  object space 41472K, 6% used [0x00000000c3000000,0x00000000c329c020,0x00000000c5880000)
 PSPermGen       total 21504K, used 5908K [0x00000000b8a00000, 0x00000000b9f00000, 0x00000000c3000000)
  object space 21504K, 27% used [0x00000000b8a00000,0x00000000b8fc5160,0x00000000b9f00000)
}
Event: 4.446 GC heap before
{Heap before GC invocations=3 (full 0):
 PSYoungGen      total 18432K, used 18400K [0x00000000eba80000, 0x00000000ede80000, 0x0000000100000000)
  eden space 15872K, 100% used [0x00000000eba80000,0x00000000eca00000,0x00000000eca00000)
  from space 2560K, 98% used [0x00000000ecc80000,0x00000000ecef8020,0x00000000ecf00000)
  to   space 2560K, 0% used [0x00000000eca00000,0x00000000eca00000,0x00000000ecc80000)
 ParOldGen       total 41472K, used 2672K [0x00000000c3000000, 0x00000000c5880000, 0x00000000eba80000)
  object space 41472K, 6% used [0x00000000c3000000,0x00000000c329c020,0x00000000c5880000)
 PSPermGen       total 21504K, used 5912K [0x00000000b8a00000, 0x00000000b9f00000, 0x00000000c3000000)
  object space 21504K, 27% used [0x00000000b8a00000,0x00000000b8fc6388,0x00000000b9f00000)
Event: 4.492 GC heap after
Heap after GC invocations=3 (full 0):
 PSYoungGen      total 18432K, used 2528K [0x00000000eba80000, 0x00000000ede80000, 0x0000000100000000)
  eden space 15872K, 0% used [0x00000000eba80000,0x00000000eba80000,0x00000000eca00000)
  from space 2560K, 98% used [0x00000000eca00000,0x00000000ecc78020,0x00000000ecc80000)
  to   space 2560K, 0% used [0x00000000edc00000,0x00000000edc00000,0x00000000ede80000)
 ParOldGen       total 41472K, used 7256K [0x00000000c3000000, 0x00000000c5880000, 0x00000000eba80000)
  object space 41472K, 17% used [0x00000000c3000000,0x00000000c3716020,0x00000000c5880000)
 PSPermGen       total 21504K, used 5912K [0x00000000b8a00000, 0x00000000b9f00000, 0x00000000c3000000)
  object space 21504K, 27% used [0x00000000b8a00000,0x00000000b8fc6388,0x00000000b9f00000)
}
Event: 5.321 GC heap before
{Heap before GC invocations=4 (full 0):
 PSYoungGen      total 18432K, used 18400K [0x00000000eba80000, 0x00000000ede80000, 0x0000000100000000)
  eden space 15872K, 100% used [0x00000000eba80000,0x00000000eca00000,0x00000000eca00000)
  from space 2560K, 98% used [0x00000000eca00000,0x00000000ecc78020,0x00000000ecc80000)
  to   space 2560K, 0% used [0x00000000edc00000,0x00000000edc00000,0x00000000ede80000)
 ParOldGen       total 41472K, used 7256K [0x00000000c3000000, 0x00000000c5880000, 0x00000000eba80000)
  object space 41472K, 17% used [0x00000000c3000000,0x00000000c3716020,0x00000000c5880000)
 PSPermGen       total 21504K, used 5913K [0x00000000b8a00000, 0x00000000b9f00000, 0x00000000c3000000)
  object space 21504K, 27% used [0x00000000b8a00000,0x00000000b8fc6440,0x00000000b9f00000)
Event: 5.348 GC heap after
Heap after GC invocations=4 (full 0):
 PSYoungGen      total 34304K, used 2544K [0x00000000eba80000, 0x00000000ede80000, 0x0000000100000000)
  eden space 31744K, 0% used [0x00000000eba80000,0x00000000eba80000,0x00000000ed980000)
  from space 2560K, 99% used [0x00000000edc00000,0x00000000ede7c030,0x00000000ede80000)
  to   space 2560K, 0% used [0x00000000ed980000,0x00000000ed980000,0x00000000edc00000)
 ParOldGen       total 41472K, used 11824K [0x00000000c3000000, 0x00000000c5880000, 0x00000000eba80000)
  object space 41472K, 28% used [0x00000000c3000000,0x00000000c3b8c020,0x00000000c5880000)
 PSPermGen       total 21504K, used 5913K [0x00000000b8a00000, 0x00000000b9f00000, 0x00000000c3000000)
  object space 21504K, 27% used [0x00000000b8a00000,0x00000000b8fc6440,0x00000000b9f00000)
}
Event: 6.141 GC heap before
{Heap before GC invocations=5 (full 0):
 PSYoungGen      total 34304K, used 34288K [0x00000000eba80000, 0x00000000ede80000, 0x0000000100000000)
  eden space 31744K, 100% used [0x00000000eba80000,0x00000000ed980000,0x00000000ed980000)
  from space 2560K, 99% used [0x00000000edc00000,0x00000000ede7c030,0x00000000ede80000)
  to   space 2560K, 0% used [0x00000000ed980000,0x00000000ed980000,0x00000000edc00000)
 ParOldGen       total 41472K, used 11824K [0x00000000c3000000, 0x00000000c5880000, 0x00000000eba80000)
  object space 41472K, 28% used [0x00000000c3000000,0x00000000c3b8c020,0x00000000c5880000)
 PSPermGen       total 21504K, used 5913K [0x00000000b8a00000, 0x00000000b9f00000, 0x00000000c3000000)
  object space 21504K, 27% used [0x00000000b8a00000,0x00000000b8fc6538,0x00000000b9f00000)
Event: 6.173 GC heap after
Heap after GC invocations=5 (full 0):
 PSYoungGen      total 34304K, used 2544K [0x00000000eba80000, 0x00000000f1280000, 0x0000000100000000)
  eden space 31744K, 0% used [0x00000000eba80000,0x00000000eba80000,0x00000000ed980000)
  from space 2560K, 99% used [0x00000000ed980000,0x00000000edbfc030,0x00000000edc00000)
  to   space 13312K, 0% used [0x00000000f0580000,0x00000000f0580000,0x00000000f1280000)
 ParOldGen       total 41472K, used 21072K [0x00000000c3000000, 0x00000000c5880000, 0x00000000eba80000)
  object space 41472K, 50% used [0x00000000c3000000,0x00000000c4494020,0x00000000c5880000)
 PSPermGen       total 21504K, used 5913K [0x00000000b8a00000, 0x00000000b9f00000, 0x00000000c3000000)
  object space 21504K, 27% used [0x00000000b8a00000,0x00000000b8fc6538,0x00000000b9f00000)
}
Event: 6.922 GC heap before
{Heap before GC invocations=6 (full 0):
 PSYoungGen      total 34304K, used 34288K [0x00000000eba80000, 0x00000000f1280000, 0x0000000100000000)
  eden space 31744K, 100% used [0x00000000eba80000,0x00000000ed980000,0x00000000ed980000)
  from space 2560K, 99% used [0x00000000ed980000,0x00000000edbfc030,0x00000000edc00000)
  to   space 13312K, 0% used [0x00000000f0580000,0x00000000f0580000,0x00000000f1280000)
 ParOldGen       total 41472K, used 21072K [0x00000000c3000000, 0x00000000c5880000, 0x00000000eba80000)
  object space 41472K, 50% used [0x00000000c3000000,0x00000000c4494020,0x00000000c5880000)
 PSPermGen       total 21504K, used 5932K [0x00000000b8a00000, 0x00000000b9f00000, 0x00000000c3000000)
  object space 21504K, 27% used [0x00000000b8a00000,0x00000000b8fcb320,0x00000000b9f00000)
Event: 6.977 GC heap after
Heap after GC invocations=6 (full 0):
 PSYoungGen      total 75264K, used 11920K [0x00000000eba80000, 0x00000000f1580000, 0x0000000100000000)
  eden space 61952K, 0% used [0x00000000eba80000,0x00000000eba80000,0x00000000ef700000)
  from space 13312K, 89% used [0x00000000f0580000,0x00000000f1124030,0x00000000f1280000)
  to   space 14848K, 0% used [0x00000000ef700000,0x00000000ef700000,0x00000000f0580000)
 ParOldGen       total 41472K, used 21072K [0x00000000c3000000, 0x00000000c5880000, 0x00000000eba80000)
  object space 41472K, 50% used [0x00000000c3000000,0x00000000c4494020,0x00000000c5880000)
 PSPermGen       total 21504K, used 5932K [0x00000000b8a00000, 0x00000000b9f00000, 0x00000000c3000000)
  object space 21504K, 27% used [0x00000000b8a00000,0x00000000b8fcb320,0x00000000b9f00000)
}
Event: 8.737 GC heap before
{Heap before GC invocations=7 (full 0):
 PSYoungGen      total 75264K, used 73872K [0x00000000eba80000, 0x00000000f1580000, 0x0000000100000000)
  eden space 61952K, 100% used [0x00000000eba80000,0x00000000ef700000,0x00000000ef700000)
  from space 13312K, 89% used [0x00000000f0580000,0x00000000f1124030,0x00000000f1280000)
  to   space 14848K, 0% used [0x00000000ef700000,0x00000000ef700000,0x00000000f0580000)
 ParOldGen       total 41472K, used 21072K [0x00000000c3000000, 0x00000000c5880000, 0x00000000eba80000)
  object space 41472K, 50% used [0x00000000c3000000,0x00000000c4494020,0x00000000c5880000)
 PSPermGen       total 21504K, used 5932K [0x00000000b8a00000, 0x00000000b9f00000, 0x00000000c3000000)
  object space 21504K, 27% used [0x00000000b8a00000,0x00000000b8fcb3d8,0x00000000b9f00000)

Deoptimization events (4 events):
Event: 1.910 Thread 0x00007f5c6000a800 Uncommon trap: reason=class_check action=maybe_recompile pc=0x00007f5c5cc51804 method=java.lang.String.equals(Ljava/lang/Object;)Z @ 8
Event: 1.930 Thread 0x00007f5c6000a800 Uncommon trap: reason=class_check action=maybe_recompile pc=0x00007f5c5cc51804 method=java.lang.String.equals(Ljava/lang/Object;)Z @ 8
Event: 1.934 Thread 0x00007f5c6000a800 Uncommon trap: reason=class_check action=maybe_recompile pc=0x00007f5c5cc51804 method=java.lang.String.equals(Ljava/lang/Object;)Z @ 8
Event: 1.937 Thread 0x00007f5c6000a800 Uncommon trap: reason=class_check action=maybe_recompile pc=0x00007f5c5cc51804 method=java.lang.String.equals(Ljava/lang/Object;)Z @ 8

Internal exceptions (10 events):
Event: 2.574 Thread 0x00007f5c6000a800 Threw 0x00000000ec1097d8 at /build/buildd/openjdk-7-7u55-2.4.7/build/openjdk/hotspot/src/share/vm/prims/jvm.cpp:1244
Event: 2.576 Thread 0x00007f5c6000a800 Threw 0x00000000ec10bb08 at /build/buildd/openjdk-7-7u55-2.4.7/build/openjdk/hotspot/src/share/vm/prims/jvm.cpp:1244
Event: 2.580 Thread 0x00007f5c6000a800 Threw 0x00000000ec10f7f0 at /build/buildd/openjdk-7-7u55-2.4.7/build/openjdk/hotspot/src/share/vm/prims/jvm.cpp:1244
Event: 2.582 Thread 0x00007f5c6000a800 Threw 0x00000000ec112468 at /build/buildd/openjdk-7-7u55-2.4.7/build/openjdk/hotspot/src/share/vm/prims/jvm.cpp:1244
Event: 2.590 Thread 0x00007f5c6000a800 Threw 0x00000000ec1157b8 at /build/buildd/openjdk-7-7u55-2.4.7/build/openjdk/hotspot/src/share/vm/prims/jvm.cpp:1244
Event: 2.593 Thread 0x00007f5c6000a800 Threw 0x00000000ec118188 at /build/buildd/openjdk-7-7u55-2.4.7/build/openjdk/hotspot/src/share/vm/prims/jvm.cpp:1244
Event: 2.595 Thread 0x00007f5c6000a800 Threw 0x00000000ec11c588 at /build/buildd/openjdk-7-7u55-2.4.7/build/openjdk/hotspot/src/share/vm/prims/jvm.cpp:1244
Event: 2.598 Thread 0x00007f5c6000a800 Threw 0x00000000ec11fc28 at /build/buildd/openjdk-7-7u55-2.4.7/build/openjdk/hotspot/src/share/vm/prims/jvm.cpp:1244
Event: 2.600 Thread 0x00007f5c6000a800 Threw 0x00000000ec123168 at /build/buildd/openjdk-7-7u55-2.4.7/build/openjdk/hotspot/src/share/vm/prims/jvm.cpp:1244
Event: 2.603 Thread 0x00007f5c6000a800 Threw 0x00000000ec126738 at /build/buildd/openjdk-7-7u55-2.4.7/build/openjdk/hotspot/src/share/vm/prims/jvm.cpp:1244

Events (10 events):
Event: 4.387 loading class 0x00007f5c5c1dabc0 done
Event: 4.446 Executing VM operation: ParallelGCFailedAllocation
Event: 4.492 Executing VM operation: ParallelGCFailedAllocation done
Event: 5.321 Executing VM operation: ParallelGCFailedAllocation
Event: 5.348 Executing VM operation: ParallelGCFailedAllocation done
Event: 6.141 Executing VM operation: ParallelGCFailedAllocation
Event: 6.173 Executing VM operation: ParallelGCFailedAllocation done
Event: 6.922 Executing VM operation: ParallelGCFailedAllocation
Event: 6.977 Executing VM operation: ParallelGCFailedAllocation done
Event: 8.729 Executing VM operation: ParallelGCFailedAllocation


Dynamic libraries:
00400000-00401000 r-xp 00000000 08:01 2892251                            /usr/lib/jvm/java-7-openjdk-amd64/jre/bin/java
00600000-00601000 r--p 00000000 08:01 2892251                            /usr/lib/jvm/java-7-openjdk-amd64/jre/bin/java
00601000-00602000 rw-p 00001000 08:01 2892251                            /usr/lib/jvm/java-7-openjdk-amd64/jre/bin/java
006bd000-006de000 rw-p 00000000 00:00 0                                  [heap]
b8a00000-b9f00000 rw-p 00000000 00:00 0 
b9f00000-c3000000 rw-p 00000000 00:00 0 
c3000000-c5880000 rw-p 00000000 00:00 0 
c5880000-eba80000 rw-p 00000000 00:00 0 
eba80000-f1580000 rw-p 00000000 00:00 0 
f6580000-100000000 rw-p 00000000 00:00 0 
7f5c20000000-7f5c20021000 rw-p 00000000 00:00 0 
7f5c20021000-7f5c24000000 ---p 00000000 00:00 0 
7f5c24000000-7f5c24021000 rw-p 00000000 00:00 0 
7f5c24021000-7f5c28000000 ---p 00000000 00:00 0 
7f5c28000000-7f5c29025000 rw-p 00000000 00:00 0 
7f5c29025000-7f5c2c000000 ---p 00000000 00:00 0 
7f5c2c000000-7f5c2c021000 rw-p 00000000 00:00 0 
7f5c2c021000-7f5c30000000 ---p 00000000 00:00 0 
7f5c30000000-7f5c30021000 rw-p 00000000 00:00 0 
7f5c30021000-7f5c34000000 ---p 00000000 00:00 0 
7f5c34000000-7f5c34f6a000 rw-p 00000000 00:00 0 
7f5c34f6a000-7f5c38000000 ---p 00000000 00:00 0 
7f5c38000000-7f5c38021000 rw-p 00000000 00:00 0 
7f5c38021000-7f5c3c000000 ---p 00000000 00:00 0 
7f5c3c000000-7f5c3c021000 rw-p 00000000 00:00 0 
7f5c3c021000-7f5c40000000 ---p 00000000 00:00 0 
7f5c40000000-7f5c40021000 rw-p 00000000 00:00 0 
7f5c40021000-7f5c44000000 ---p 00000000 00:00 0 
7f5c44000000-7f5c4423d000 rw-p 00000000 00:00 0 
7f5c4423d000-7f5c48000000 ---p 00000000 00:00 0 
7f5c48000000-7f5c48021000 rw-p 00000000 00:00 0 
7f5c48021000-7f5c4c000000 ---p 00000000 00:00 0 
7f5c4e781000-7f5c4e791000 r-xp 00000000 08:01 2892499                    /usr/lib/jvm/java-7-openjdk-amd64/jre/lib/amd64/libnio.so
7f5c4e791000-7f5c4e991000 ---p 00010000 08:01 2892499                    /usr/lib/jvm/java-7-openjdk-amd64/jre/lib/amd64/libnio.so
7f5c4e991000-7f5c4e992000 r--p 00010000 08:01 2892499                    /usr/lib/jvm/java-7-openjdk-amd64/jre/lib/amd64/libnio.so
7f5c4e992000-7f5c4e993000 rw-p 00011000 08:01 2892499                    /usr/lib/jvm/java-7-openjdk-amd64/jre/lib/amd64/libnio.so
7f5c4e993000-7f5c4e996000 ---p 00000000 00:00 0 
7f5c4e996000-7f5c4ea94000 rw-p 00000000 00:00 0 
7f5c4ea94000-7f5c4ead1000 r-xp 00000000 08:01 135145                     /lib/x86_64-linux-gnu/libpcre.so.3.13.1
7f5c4ead1000-7f5c4ecd0000 ---p 0003d000 08:01 135145                     /lib/x86_64-linux-gnu/libpcre.so.3.13.1
7f5c4ecd0000-7f5c4ecd1000 r--p 0003c000 08:01 135145                     /lib/x86_64-linux-gnu/libpcre.so.3.13.1
7f5c4ecd1000-7f5c4ecd2000 rw-p 0003d000 08:01 135145                     /lib/x86_64-linux-gnu/libpcre.so.3.13.1
7f5c4ecd2000-7f5c4ecd9000 r-xp 00000000 08:01 2883689                    /usr/lib/x86_64-linux-gnu/libffi.so.6.0.1
7f5c4ecd9000-7f5c4eed8000 ---p 00007000 08:01 2883689                    /usr/lib/x86_64-linux-gnu/libffi.so.6.0.1
7f5c4eed8000-7f5c4eed9000 r--p 00006000 08:01 2883689                    /usr/lib/x86_64-linux-gnu/libffi.so.6.0.1
7f5c4eed9000-7f5c4eeda000 rw-p 00007000 08:01 2883689                    /usr/lib/x86_64-linux-gnu/libffi.so.6.0.1
7f5c4eeda000-7f5c4eef1000 r-xp 00000000 08:01 151282                     /lib/x86_64-linux-gnu/libresolv-2.19.so
7f5c4eef1000-7f5c4f0f1000 ---p 00017000 08:01 151282                     /lib/x86_64-linux-gnu/libresolv-2.19.so
7f5c4f0f1000-7f5c4f0f2000 r--p 00017000 08:01 151282                     /lib/x86_64-linux-gnu/libresolv-2.19.so
7f5c4f0f2000-7f5c4f0f3000 rw-p 00018000 08:01 151282                     /lib/x86_64-linux-gnu/libresolv-2.19.so
7f5c4f0f3000-7f5c4f0f5000 rw-p 00000000 00:00 0 
7f5c4f0f5000-7f5c4f115000 r-xp 00000000 08:01 140478                     /lib/x86_64-linux-gnu/libselinux.so.1
7f5c4f115000-7f5c4f314000 ---p 00020000 08:01 140478                     /lib/x86_64-linux-gnu/libselinux.so.1
7f5c4f314000-7f5c4f315000 r--p 0001f000 08:01 140478                     /lib/x86_64-linux-gnu/libselinux.so.1
7f5c4f315000-7f5c4f316000 rw-p 00020000 08:01 140478                     /lib/x86_64-linux-gnu/libselinux.so.1
7f5c4f316000-7f5c4f318000 rw-p 00000000 00:00 0 
7f5c4f318000-7f5c4f31b000 r-xp 00000000 08:01 2889900                    /usr/lib/x86_64-linux-gnu/libgmodule-2.0.so.0.4000.0
7f5c4f31b000-7f5c4f51a000 ---p 00003000 08:01 2889900                    /usr/lib/x86_64-linux-gnu/libgmodule-2.0.so.0.4000.0
7f5c4f51a000-7f5c4f51b000 r--p 00002000 08:01 2889900                    /usr/lib/x86_64-linux-gnu/libgmodule-2.0.so.0.4000.0
7f5c4f51b000-7f5c4f51c000 rw-p 00003000 08:01 2889900                    /usr/lib/x86_64-linux-gnu/libgmodule-2.0.so.0.4000.0
7f5c4f51c000-7f5c4f622000 r-xp 00000000 08:01 135612                     /lib/x86_64-linux-gnu/libglib-2.0.so.0.4000.0
7f5c4f622000-7f5c4f821000 ---p 00106000 08:01 135612                     /lib/x86_64-linux-gnu/libglib-2.0.so.0.4000.0
7f5c4f821000-7f5c4f822000 r--p 00105000 08:01 135612                     /lib/x86_64-linux-gnu/libglib-2.0.so.0.4000.0
7f5c4f822000-7f5c4f823000 rw-p 00106000 08:01 135612                     /lib/x86_64-linux-gnu/libglib-2.0.so.0.4000.0
7f5c4f823000-7f5c4f824000 rw-p 00000000 00:00 0 
7f5c4f824000-7f5c4f873000 r-xp 00000000 08:01 2889897                    /usr/lib/x86_64-linux-gnu/libgobject-2.0.so.0.4000.0
7f5c4f873000-7f5c4fa73000 ---p 0004f000 08:01 2889897                    /usr/lib/x86_64-linux-gnu/libgobject-2.0.so.0.4000.0
7f5c4fa73000-7f5c4fa74000 r--p 0004f000 08:01 2889897                    /usr/lib/x86_64-linux-gnu/libgobject-2.0.so.0.4000.0
7f5c4fa74000-7f5c4fa75000 rw-p 00050000 08:01 2889897                    /usr/lib/x86_64-linux-gnu/libgobject-2.0.so.0.4000.0
7f5c4fa75000-7f5c4fbe0000 r-xp 00000000 08:01 2889899                    /usr/lib/x86_64-linux-gnu/libgio-2.0.so.0.4000.0
7f5c4fbe0000-7f5c4fde0000 ---p 0016b000 08:01 2889899                    /usr/lib/x86_64-linux-gnu/libgio-2.0.so.0.4000.0
7f5c4fde0000-7f5c4fde4000 r--p 0016b000 08:01 2889899                    /usr/lib/x86_64-linux-gnu/libgio-2.0.so.0.4000.0
7f5c4fde4000-7f5c4fde6000 rw-p 0016f000 08:01 2889899                    /usr/lib/x86_64-linux-gnu/libgio-2.0.so.0.4000.0
7f5c4fde6000-7f5c4fde8000 rw-p 00000000 00:00 0 
7f5c4fde8000-7f5c4fdfe000 r-xp 00000000 08:01 2892486                    /usr/lib/jvm/java-7-openjdk-amd64/jre/lib/amd64/libnet.so
7f5c4fdfe000-7f5c4fffe000 ---p 00016000 08:01 2892486                    /usr/lib/jvm/java-7-openjdk-amd64/jre/lib/amd64/libnet.so
7f5c4fffe000-7f5c4ffff000 r--p 00016000 08:01 2892486                    /usr/lib/jvm/java-7-openjdk-amd64/jre/lib/amd64/libnet.so
7f5c4ffff000-7f5c50000000 rw-p 00017000 08:01 2892486                    /usr/lib/jvm/java-7-openjdk-amd64/jre/lib/amd64/libnet.so
7f5c50000000-7f5c50021000 rw-p 00000000 00:00 0 
7f5c50021000-7f5c54000000 ---p 00000000 00:00 0 
7f5c540c9000-7f5c540fa000 rw-p 00000000 00:00 0 
7f5c54114000-7f5c54119000 r--s 0004c000 08:01 2892294                    /usr/lib/jvm/java-7-openjdk-amd64/jre/lib/jsse.jar
7f5c54119000-7f5c54121000 r--s 00136000 08:01 2099462                    /home/bouwe/workspace/joda-time-2.3-javadoc.jar
7f5c54121000-7f5c54122000 ---p 00000000 00:00 0 
7f5c54122000-7f5c54222000 rw-p 00000000 00:00 0                          [stack:28782]
7f5c54222000-7f5c54225000 ---p 00000000 00:00 0 
7f5c54225000-7f5c54323000 rw-p 00000000 00:00 0                          [stack:28781]
7f5c54323000-7f5c54326000 ---p 00000000 00:00 0 
7f5c54326000-7f5c54424000 rw-p 00000000 00:00 0                          [stack:28780]
7f5c54424000-7f5c54427000 ---p 00000000 00:00 0 
7f5c54427000-7f5c54525000 rw-p 00000000 00:00 0                          [stack:28779]
7f5c54525000-7f5c54528000 ---p 00000000 00:00 0 
7f5c54528000-7f5c54626000 rw-p 00000000 00:00 0                          [stack:28778]
7f5c54626000-7f5c5492e000 r--p 00000000 08:01 2883810                    /usr/lib/locale/locale-archive
7f5c5492e000-7f5c54931000 ---p 00000000 00:00 0 
7f5c54931000-7f5c54a2f000 rw-p 00000000 00:00 0                          [stack:28777]
7f5c54a2f000-7f5c54a32000 ---p 00000000 00:00 0 
7f5c54a32000-7f5c54b30000 rw-p 00000000 00:00 0                          [stack:28776]
7f5c54b30000-7f5c54b31000 ---p 00000000 00:00 0 
7f5c54b31000-7f5c55aa2000 rw-p 00000000 00:00 0                          [stack:28775]
7f5c55aa2000-7f5c55c50000 r--s 01cfc000 08:01 2892263                    /usr/lib/jvm/java-7-openjdk-amd64/jre/lib/rt.jar
7f5c55c50000-7f5c58000000 rw-p 00000000 00:00 0 
7f5c58000000-7f5c58021000 rw-p 00000000 00:00 0 
7f5c58021000-7f5c5c000000 ---p 00000000 00:00 0 
7f5c5c000000-7f5c5c007000 r--s 00036000 08:01 3291516                    /usr/share/java/junit4-4.11.jar
7f5c5c007000-7f5c5c016000 r--s 0007f000 08:01 2099469                    /home/bouwe/workspace/joda-time-2.3.jar
7f5c5c016000-7f5c5c465000 rw-p 00000000 00:00 0 
7f5c5c465000-7f5c5c466000 ---p 00000000 00:00 0 
7f5c5c466000-7f5c5c566000 rw-p 00000000 00:00 0                          [stack:28774]
7f5c5c566000-7f5c5c567000 ---p 00000000 00:00 0 
7f5c5c567000-7f5c5c667000 rw-p 00000000 00:00 0                          [stack:28773]
7f5c5c667000-7f5c5c668000 ---p 00000000 00:00 0 
7f5c5c668000-7f5c5c768000 rw-p 00000000 00:00 0                          [stack:28771]
7f5c5c768000-7f5c5c769000 ---p 00000000 00:00 0 
7f5c5c769000-7f5c5c87e000 rw-p 00000000 00:00 0                          [stack:28770]
7f5c5c87e000-7f5c5c9af000 rw-p 00000000 00:00 0 
7f5c5c9af000-7f5c5c9ba000 rw-p 00000000 00:00 0 
7f5c5c9ba000-7f5c5ca02000 rw-p 00000000 00:00 0 
7f5c5ca02000-7f5c5ca17000 rw-p 00000000 00:00 0 
7f5c5ca17000-7f5c5cb47000 rw-p 00000000 00:00 0 
7f5c5cb47000-7f5c5cb75000 rw-p 00000000 00:00 0 
7f5c5cb75000-7f5c5cbea000 rw-p 00000000 00:00 0 
7f5c5cbea000-7f5c5cbeb000 rw-p 00000000 00:00 0 
7f5c5cbeb000-7f5c5ce5b000 rwxp 00000000 00:00 0 
7f5c5ce5b000-7f5c5fbeb000 rw-p 00000000 00:00 0 
7f5c5fbeb000-7f5c5fbf3000 r-xp 00000000 08:01 2892481                    /usr/lib/jvm/java-7-openjdk-amd64/jre/lib/amd64/libzip.so
7f5c5fbf3000-7f5c5fdf2000 ---p 00008000 08:01 2892481                    /usr/lib/jvm/java-7-openjdk-amd64/jre/lib/amd64/libzip.so
7f5c5fdf2000-7f5c5fdf3000 r--p 00007000 08:01 2892481                    /usr/lib/jvm/java-7-openjdk-amd64/jre/lib/amd64/libzip.so
7f5c5fdf3000-7f5c5fdf4000 rw-p 00008000 08:01 2892481                    /usr/lib/jvm/java-7-openjdk-amd64/jre/lib/amd64/libzip.so
7f5c5fdf4000-7f5c5fdff000 r-xp 00000000 08:01 151269                     /lib/x86_64-linux-gnu/libnss_files-2.19.so
7f5c5fdff000-7f5c5fffe000 ---p 0000b000 08:01 151269                     /lib/x86_64-linux-gnu/libnss_files-2.19.so
7f5c5fffe000-7f5c5ffff000 r--p 0000a000 08:01 151269                     /lib/x86_64-linux-gnu/libnss_files-2.19.so
7f5c5ffff000-7f5c60000000 rw-p 0000b000 08:01 151269                     /lib/x86_64-linux-gnu/libnss_files-2.19.so
7f5c60000000-7f5c60484000 rw-p 00000000 00:00 0 
7f5c60484000-7f5c64000000 ---p 00000000 00:00 0 
7f5c64000000-7f5c64002000 r--s 0000a000 08:01 3283270                    /usr/share/java/hamcrest-core-1.3.jar
7f5c64002000-7f5c64007000 r--s 000ab000 08:01 2099468                    /home/bouwe/workspace/joda-time-2.3-sources.jar
7f5c64007000-7f5c64083000 rw-p 00000000 00:00 0 
7f5c64083000-7f5c640cb000 rw-p 00000000 00:00 0 
7f5c640cb000-7f5c640d6000 r-xp 00000000 08:01 151276                     /lib/x86_64-linux-gnu/libnss_nis-2.19.so
7f5c640d6000-7f5c642d5000 ---p 0000b000 08:01 151276                     /lib/x86_64-linux-gnu/libnss_nis-2.19.so
7f5c642d5000-7f5c642d6000 r--p 0000a000 08:01 151276                     /lib/x86_64-linux-gnu/libnss_nis-2.19.so
7f5c642d6000-7f5c642d7000 rw-p 0000b000 08:01 151276                     /lib/x86_64-linux-gnu/libnss_nis-2.19.so
7f5c642d7000-7f5c642ee000 r-xp 00000000 08:01 151273                     /lib/x86_64-linux-gnu/libnsl-2.19.so
7f5c642ee000-7f5c644ed000 ---p 00017000 08:01 151273                     /lib/x86_64-linux-gnu/libnsl-2.19.so
7f5c644ed000-7f5c644ee000 r--p 00016000 08:01 151273                     /lib/x86_64-linux-gnu/libnsl-2.19.so
7f5c644ee000-7f5c644ef000 rw-p 00017000 08:01 151273                     /lib/x86_64-linux-gnu/libnsl-2.19.so
7f5c644ef000-7f5c644f1000 rw-p 00000000 00:00 0 
7f5c644f1000-7f5c644fa000 r-xp 00000000 08:01 151277                     /lib/x86_64-linux-gnu/libnss_compat-2.19.so
7f5c644fa000-7f5c646f9000 ---p 00009000 08:01 151277                     /lib/x86_64-linux-gnu/libnss_compat-2.19.so
7f5c646f9000-7f5c646fa000 r--p 00008000 08:01 151277                     /lib/x86_64-linux-gnu/libnss_compat-2.19.so
7f5c646fa000-7f5c646fb000 rw-p 00009000 08:01 151277                     /lib/x86_64-linux-gnu/libnss_compat-2.19.so
7f5c646fb000-7f5c64726000 r-xp 00000000 08:01 2892403                    /usr/lib/jvm/java-7-openjdk-amd64/jre/lib/amd64/libjava.so
7f5c64726000-7f5c64925000 ---p 0002b000 08:01 2892403                    /usr/lib/jvm/java-7-openjdk-amd64/jre/lib/amd64/libjava.so
7f5c64925000-7f5c64926000 r--p 0002a000 08:01 2892403                    /usr/lib/jvm/java-7-openjdk-amd64/jre/lib/amd64/libjava.so
7f5c64926000-7f5c64928000 rw-p 0002b000 08:01 2892403                    /usr/lib/jvm/java-7-openjdk-amd64/jre/lib/amd64/libjava.so
7f5c64928000-7f5c64938000 r-xp 00000000 08:01 2912707                    /usr/lib/jvm/java-7-openjdk-amd64/jre/lib/amd64/libverify.so
7f5c64938000-7f5c64b37000 ---p 00010000 08:01 2912707                    /usr/lib/jvm/java-7-openjdk-amd64/jre/lib/amd64/libverify.so
7f5c64b37000-7f5c64b39000 r--p 0000f000 08:01 2912707                    /usr/lib/jvm/java-7-openjdk-amd64/jre/lib/amd64/libverify.so
7f5c64b39000-7f5c64b3a000 rw-p 00011000 08:01 2912707                    /usr/lib/jvm/java-7-openjdk-amd64/jre/lib/amd64/libverify.so
7f5c64b3a000-7f5c64b41000 r-xp 00000000 08:01 151284                     /lib/x86_64-linux-gnu/librt-2.19.so
7f5c64b41000-7f5c64d40000 ---p 00007000 08:01 151284                     /lib/x86_64-linux-gnu/librt-2.19.so
7f5c64d40000-7f5c64d41000 r--p 00006000 08:01 151284                     /lib/x86_64-linux-gnu/librt-2.19.so
7f5c64d41000-7f5c64d42000 rw-p 00007000 08:01 151284                     /lib/x86_64-linux-gnu/librt-2.19.so
7f5c64d42000-7f5c64d58000 r-xp 00000000 08:01 135143                     /lib/x86_64-linux-gnu/libgcc_s.so.1
7f5c64d58000-7f5c64f57000 ---p 00016000 08:01 135143                     /lib/x86_64-linux-gnu/libgcc_s.so.1
7f5c64f57000-7f5c64f58000 rw-p 00015000 08:01 135143                     /lib/x86_64-linux-gnu/libgcc_s.so.1
7f5c64f58000-7f5c6505d000 r-xp 00000000 08:01 151270                     /lib/x86_64-linux-gnu/libm-2.19.so
7f5c6505d000-7f5c6525c000 ---p 00105000 08:01 151270                     /lib/x86_64-linux-gnu/libm-2.19.so
7f5c6525c000-7f5c6525d000 r--p 00104000 08:01 151270                     /lib/x86_64-linux-gnu/libm-2.19.so
7f5c6525d000-7f5c6525e000 rw-p 00105000 08:01 151270                     /lib/x86_64-linux-gnu/libm-2.19.so
7f5c6525e000-7f5c65344000 r-xp 00000000 08:01 2886201                    /usr/lib/x86_64-linux-gnu/libstdc++.so.6.0.19
7f5c65344000-7f5c65543000 ---p 000e6000 08:01 2886201                    /usr/lib/x86_64-linux-gnu/libstdc++.so.6.0.19
7f5c65543000-7f5c6554b000 r--p 000e5000 08:01 2886201                    /usr/lib/x86_64-linux-gnu/libstdc++.so.6.0.19
7f5c6554b000-7f5c6554d000 rw-p 000ed000 08:01 2886201                    /usr/lib/x86_64-linux-gnu/libstdc++.so.6.0.19
7f5c6554d000-7f5c65562000 rw-p 00000000 00:00 0 
7f5c65562000-7f5c66043000 r-xp 00000000 08:01 2892491                    /usr/lib/jvm/java-7-openjdk-amd64/jre/lib/amd64/server/libjvm.so
7f5c66043000-7f5c66242000 ---p 00ae1000 08:01 2892491                    /usr/lib/jvm/java-7-openjdk-amd64/jre/lib/amd64/server/libjvm.so
7f5c66242000-7f5c662d4000 r--p 00ae0000 08:01 2892491                    /usr/lib/jvm/java-7-openjdk-amd64/jre/lib/amd64/server/libjvm.so
7f5c662d4000-7f5c662f7000 rw-p 00b72000 08:01 2892491                    /usr/lib/jvm/java-7-openjdk-amd64/jre/lib/amd64/server/libjvm.so
7f5c662f7000-7f5c66324000 rw-p 00000000 00:00 0 
7f5c66324000-7f5c6633c000 r-xp 00000000 08:01 135324                     /lib/x86_64-linux-gnu/libz.so.1.2.8
7f5c6633c000-7f5c6653b000 ---p 00018000 08:01 135324                     /lib/x86_64-linux-gnu/libz.so.1.2.8
7f5c6653b000-7f5c6653c000 r--p 00017000 08:01 135324                     /lib/x86_64-linux-gnu/libz.so.1.2.8
7f5c6653c000-7f5c6653d000 rw-p 00018000 08:01 135324                     /lib/x86_64-linux-gnu/libz.so.1.2.8
7f5c6653d000-7f5c66556000 r-xp 00000000 08:01 151283                     /lib/x86_64-linux-gnu/libpthread-2.19.so
7f5c66556000-7f5c66755000 ---p 00019000 08:01 151283                     /lib/x86_64-linux-gnu/libpthread-2.19.so
7f5c66755000-7f5c66756000 r--p 00018000 08:01 151283                     /lib/x86_64-linux-gnu/libpthread-2.19.so
7f5c66756000-7f5c66757000 rw-p 00019000 08:01 151283                     /lib/x86_64-linux-gnu/libpthread-2.19.so
7f5c66757000-7f5c6675b000 rw-p 00000000 00:00 0 
7f5c6675b000-7f5c6675e000 r-xp 00000000 08:01 151280                     /lib/x86_64-linux-gnu/libdl-2.19.so
7f5c6675e000-7f5c6695d000 ---p 00003000 08:01 151280                     /lib/x86_64-linux-gnu/libdl-2.19.so
7f5c6695d000-7f5c6695e000 r--p 00002000 08:01 151280                     /lib/x86_64-linux-gnu/libdl-2.19.so
7f5c6695e000-7f5c6695f000 rw-p 00003000 08:01 151280                     /lib/x86_64-linux-gnu/libdl-2.19.so
7f5c6695f000-7f5c66b1b000 r-xp 00000000 08:01 151267                     /lib/x86_64-linux-gnu/libc-2.19.so
7f5c66b1b000-7f5c66d1a000 ---p 001bc000 08:01 151267                     /lib/x86_64-linux-gnu/libc-2.19.so
7f5c66d1a000-7f5c66d1e000 r--p 001bb000 08:01 151267                     /lib/x86_64-linux-gnu/libc-2.19.so
7f5c66d1e000-7f5c66d20000 rw-p 001bf000 08:01 151267                     /lib/x86_64-linux-gnu/libc-2.19.so
7f5c66d20000-7f5c66d25000 rw-p 00000000 00:00 0 
7f5c66d25000-7f5c66d32000 r-xp 00000000 08:01 2912699                    /usr/lib/jvm/java-7-openjdk-amd64/jre/lib/amd64/jli/libjli.so
7f5c66d32000-7f5c66f31000 ---p 0000d000 08:01 2912699                    /usr/lib/jvm/java-7-openjdk-amd64/jre/lib/amd64/jli/libjli.so
7f5c66f31000-7f5c66f32000 r--p 0000c000 08:01 2912699                    /usr/lib/jvm/java-7-openjdk-amd64/jre/lib/amd64/jli/libjli.so
7f5c66f32000-7f5c66f33000 rw-p 0000d000 08:01 2912699                    /usr/lib/jvm/java-7-openjdk-amd64/jre/lib/amd64/jli/libjli.so
7f5c66f33000-7f5c66f56000 r-xp 00000000 08:01 149721                     /lib/x86_64-linux-gnu/ld-2.19.so
7f5c66f56000-7f5c66f78000 rw-p 00000000 00:00 0 
7f5c66f78000-7f5c6702e000 rw-p 00000000 00:00 0 
7f5c6702e000-7f5c67031000 ---p 00000000 00:00 0 
7f5c67031000-7f5c67134000 rw-p 00000000 00:00 0                          [stack:28769]
7f5c67134000-7f5c67136000 r--s 0000a000 08:01 3283270                    /usr/share/java/hamcrest-core-1.3.jar
7f5c67136000-7f5c67138000 r--s 00006000 08:01 3280663                    /usr/share/java/java-atk-wrapper.jar
7f5c67138000-7f5c6713c000 r--s 00085000 08:01 2892273                    /usr/lib/jvm/java-7-openjdk-amd64/jre/lib/ext/localedata.jar
7f5c6713c000-7f5c6713f000 r--s 00032000 08:01 2892271                    /usr/lib/jvm/java-7-openjdk-amd64/jre/lib/ext/sunjce_provider.jar
7f5c6713f000-7f5c67140000 r--s 00002000 08:01 2892276                    /usr/lib/jvm/java-7-openjdk-amd64/jre/lib/ext/dnsns.jar
7f5c67140000-7f5c67143000 r--s 0000f000 08:01 2892268                    /usr/lib/jvm/java-7-openjdk-amd64/jre/lib/ext/pulse-java.jar
7f5c67143000-7f5c67145000 r--s 00012000 08:01 2892269                    /usr/lib/jvm/java-7-openjdk-amd64/jre/lib/ext/zipfs.jar
7f5c67145000-7f5c67149000 r--s 0003b000 08:01 2892274                    /usr/lib/jvm/java-7-openjdk-amd64/jre/lib/ext/sunpkcs11.jar
7f5c67149000-7f5c67151000 rw-s 00000000 08:01 1185710                    /tmp/hsperfdata_bouwe/28762
7f5c67151000-7f5c67152000 rw-p 00000000 00:00 0 
7f5c67152000-7f5c67153000 ---p 00000000 00:00 0 
7f5c67153000-7f5c67155000 rw-p 00000000 00:00 0 
7f5c67155000-7f5c67156000 r--p 00022000 08:01 149721                     /lib/x86_64-linux-gnu/ld-2.19.so
7f5c67156000-7f5c67157000 rw-p 00023000 08:01 149721                     /lib/x86_64-linux-gnu/ld-2.19.so
7f5c67157000-7f5c67158000 rw-p 00000000 00:00 0 
7fff5d3d1000-7fff5d3f2000 rw-p 00000000 00:00 0                          [stack]
7fff5d3fe000-7fff5d400000 r-xp 00000000 00:00 0                          [vdso]
ffffffffff600000-ffffffffff601000 r-xp 00000000 00:00 0                  [vsyscall]

VM Arguments:
jvm_args: -Dfile.encoding=UTF-8 
java_command: org.eclipse.jdt.internal.junit.runner.RemoteTestRunner -version 3 -port 43640 -testLoaderClass org.eclipse.jdt.internal.junit4.runner.JUnit4TestLoader -loaderpluginname org.eclipse.jdt.junit4.runtime -classNames businessmodel.scheduler.InitialDataTest
Launcher Type: SUN_STANDARD

Environment Variables:
PATH=/usr/local/sbin:/usr/local/bin:/usr/sbin:/usr/bin:/sbin:/bin:/usr/games:/usr/local/games
SHELL=/bin/bash
DISPLAY=:0

Signal Handlers:
SIGSEGV: [libjvm.so+0x918620], sa_mask[0]=0x7ffbfeff, sa_flags=0x10000004
SIGBUS: [libjvm.so+0x918620], sa_mask[0]=0x7ffbfeff, sa_flags=0x10000004
SIGFPE: [libjvm.so+0x795e30], sa_mask[0]=0x7ffbfeff, sa_flags=0x10000004
SIGPIPE: [libjvm.so+0x795e30], sa_mask[0]=0x7ffbfeff, sa_flags=0x10000004
SIGXFSZ: [libjvm.so+0x795e30], sa_mask[0]=0x7ffbfeff, sa_flags=0x10000004
SIGILL: [libjvm.so+0x795e30], sa_mask[0]=0x7ffbfeff, sa_flags=0x10000004
SIGUSR1: SIG_DFL, sa_mask[0]=0x00000000, sa_flags=0x00000000
SIGUSR2: [libjvm.so+0x795cd0], sa_mask[0]=0x00000004, sa_flags=0x10000004
SIGHUP: [libjvm.so+0x795eb0], sa_mask[0]=0x7ffbfeff, sa_flags=0x10000004
SIGINT: [libjvm.so+0x795eb0], sa_mask[0]=0x7ffbfeff, sa_flags=0x10000004
SIGTERM: [libjvm.so+0x795eb0], sa_mask[0]=0x7ffbfeff, sa_flags=0x10000004
SIGQUIT: [libjvm.so+0x795eb0], sa_mask[0]=0x7ffbfeff, sa_flags=0x10000004


---------------  S Y S T E M  ---------------

OS:Ubuntu 14.04 (trusty)
uname:Linux 3.14.0-031400-generic #201403310035 SMP Mon Mar 31 04:36:23 UTC 2014 x86_64
libc:glibc 2.19 NPTL 2.19 
rlimit: STACK 8192k, CORE 0k, NPROC 31040, NOFILE 4096, AS infinity
load average:8.28 3.76 2.39

/proc/meminfo:
MemTotal:        3993640 kB
MemFree:          105960 kB
MemAvailable:      44952 kB
Buffers:             484 kB
Cached:           349144 kB
SwapCached:            0 kB
Active:          3348492 kB
Inactive:         331108 kB
Active(anon):    3340216 kB
Inactive(anon):   321240 kB
Active(file):       8276 kB
Inactive(file):     9868 kB
Unevictable:          64 kB
Mlocked:              64 kB
SwapTotal:             0 kB
SwapFree:              0 kB
Dirty:               216 kB
Writeback:             0 kB
AnonPages:       3330008 kB
Mapped:            86840 kB
Shmem:            331536 kB
Slab:              67612 kB
SReclaimable:      28780 kB
SUnreclaim:        38832 kB
KernelStack:        7040 kB
PageTables:        47548 kB
NFS_Unstable:          0 kB
Bounce:                0 kB
WritebackTmp:          0 kB
CommitLimit:     1996820 kB
Committed_AS:    7612628 kB
VmallocTotal:   34359738367 kB
VmallocUsed:      556236 kB
VmallocChunk:   34359172092 kB
HardwareCorrupted:     0 kB
AnonHugePages:   1531904 kB
HugePages_Total:       0
HugePages_Free:        0
HugePages_Rsvd:        0
HugePages_Surp:        0
Hugepagesize:       2048 kB
DirectMap4k:      180480 kB
DirectMap2M:     3960832 kB


CPU:total 4 (2 cores per cpu, 2 threads per core) family 6 model 42 stepping 7, cmov, cx8, fxsr, mmx, sse, sse2, sse3, ssse3, sse4.1, sse4.2, popcnt, avx, aes, ht, tsc, tscinvbit

/proc/cpuinfo:
processor	: 0
vendor_id	: GenuineIntel
cpu family	: 6
model		: 42
model name	: Intel(R) Core(TM) i5-2450M CPU @ 2.50GHz
stepping	: 7
microcode	: 0x23
cpu MHz		: 2915.625
cache size	: 3072 KB
physical id	: 0
siblings	: 4
core id		: 0
cpu cores	: 2
apicid		: 0
initial apicid	: 0
fpu		: yes
fpu_exception	: yes
cpuid level	: 13
wp		: yes
flags		: fpu vme de pse tsc msr pae mce cx8 apic sep mtrr pge mca cmov pat pse36 clflush dts acpi mmx fxsr sse sse2 ss ht tm pbe syscall nx rdtscp lm constant_tsc arch_perfmon pebs bts rep_good nopl xtopology nonstop_tsc aperfmperf eagerfpu pni pclmulqdq dtes64 monitor ds_cpl vmx est tm2 ssse3 cx16 xtpr pdcm pcid sse4_1 sse4_2 x2apic popcnt tsc_deadline_timer aes xsave avx lahf_lm ida arat epb xsaveopt pln pts dtherm tpr_shadow vnmi flexpriority ept vpid
bogomips	: 4988.78
clflush size	: 64
cache_alignment	: 64
address sizes	: 36 bits physical, 48 bits virtual
power management:

processor	: 1
vendor_id	: GenuineIntel
cpu family	: 6
model		: 42
model name	: Intel(R) Core(TM) i5-2450M CPU @ 2.50GHz
stepping	: 7
microcode	: 0x23
cpu MHz		: 2915.625
cache size	: 3072 KB
physical id	: 0
siblings	: 4
core id		: 0
cpu cores	: 2
apicid		: 1
initial apicid	: 1
fpu		: yes
fpu_exception	: yes
cpuid level	: 13
wp		: yes
flags		: fpu vme de pse tsc msr pae mce cx8 apic sep mtrr pge mca cmov pat pse36 clflush dts acpi mmx fxsr sse sse2 ss ht tm pbe syscall nx rdtscp lm constant_tsc arch_perfmon pebs bts rep_good nopl xtopology nonstop_tsc aperfmperf eagerfpu pni pclmulqdq dtes64 monitor ds_cpl vmx est tm2 ssse3 cx16 xtpr pdcm pcid sse4_1 sse4_2 x2apic popcnt tsc_deadline_timer aes xsave avx lahf_lm ida arat epb xsaveopt pln pts dtherm tpr_shadow vnmi flexpriority ept vpid
bogomips	: 4988.78
clflush size	: 64
cache_alignment	: 64
address sizes	: 36 bits physical, 48 bits virtual
power management:

processor	: 2
vendor_id	: GenuineIntel
cpu family	: 6
model		: 42
model name	: Intel(R) Core(TM) i5-2450M CPU @ 2.50GHz
stepping	: 7
microcode	: 0x23
cpu MHz		: 2915.625
cache size	: 3072 KB
physical id	: 0
siblings	: 4
core id		: 1
cpu cores	: 2
apicid		: 2
initial apicid	: 2
fpu		: yes
fpu_exception	: yes
cpuid level	: 13
wp		: yes
flags		: fpu vme de pse tsc msr pae mce cx8 apic sep mtrr pge mca cmov pat pse36 clflush dts acpi mmx fxsr sse sse2 ss ht tm pbe syscall nx rdtscp lm constant_tsc arch_perfmon pebs bts rep_good nopl xtopology nonstop_tsc aperfmperf eagerfpu pni pclmulqdq dtes64 monitor ds_cpl vmx est tm2 ssse3 cx16 xtpr pdcm pcid sse4_1 sse4_2 x2apic popcnt tsc_deadline_timer aes xsave avx lahf_lm ida arat epb xsaveopt pln pts dtherm tpr_shadow vnmi flexpriority ept vpid
bogomips	: 4988.78
clflush size	: 64
cache_alignment	: 64
address sizes	: 36 bits physical, 48 bits virtual
power management:

processor	: 3
vendor_id	: GenuineIntel
cpu family	: 6
model		: 42
model name	: Intel(R) Core(TM) i5-2450M CPU @ 2.50GHz
stepping	: 7
microcode	: 0x23
cpu MHz		: 2915.625
cache size	: 3072 KB
physical id	: 0
siblings	: 4
core id		: 1
cpu cores	: 2
apicid		: 3
initial apicid	: 3
fpu		: yes
fpu_exception	: yes
cpuid level	: 13
wp		: yes
flags		: fpu vme de pse tsc msr pae mce cx8 apic sep mtrr pge mca cmov pat pse36 clflush dts acpi mmx fxsr sse sse2 ss ht tm pbe syscall nx rdtscp lm constant_tsc arch_perfmon pebs bts rep_good nopl xtopology nonstop_tsc aperfmperf eagerfpu pni pclmulqdq dtes64 monitor ds_cpl vmx est tm2 ssse3 cx16 xtpr pdcm pcid sse4_1 sse4_2 x2apic popcnt tsc_deadline_timer aes xsave avx lahf_lm ida arat epb xsaveopt pln pts dtherm tpr_shadow vnmi flexpriority ept vpid
bogomips	: 4988.78
clflush size	: 64
cache_alignment	: 64
address sizes	: 36 bits physical, 48 bits virtual
power management:



Memory: 4k page, physical 3993640k(105960k free), swap 0k(0k free)

vm_info: OpenJDK 64-Bit Server VM (24.51-b03) for linux-amd64 JRE (1.7.0_55-b14), built on Apr 17 2014 20:08:07 by "buildd" with gcc 4.8.2

time: Thu May 15 17:20:27 2014
elapsed time: 25 seconds

